============================================================
  Generated by:           Genus(TM) Synthesis Solution 23.10-p004_1
  Generated on:           Feb 24 2025  09:41:48 pm
  Module:                 mixColumns_InvmixColumns
  Operating conditions:   _nominal_ (balanced_tree)
  Wireload mode:          enclosed
  Area mode:              timing library
============================================================


Path 1: MET (0 ps) Path Delay Check
          Group: INPUTS
     Startpoint: (F) C[4]
       Endpoint: (F) P[4]

                   Capture    Launch  
      Path Delay:+     540         -  
      Drv Adjust:+       0         0  
         Arrival:=     540            
                                      
   Required Time:=     540            
       Data Path:-     540            
           Slack:=       0            

Exceptions/Constraints:
  max_delay             540             del_1 

#-----------------------------------------------------------------------------------------
# Timing Point   Flags   Arc   Edge    Cell      Fanout Load Trans Delay Arrival Instance 
#                                                       (fF)  (ps)  (ps)   (ps)  Location 
#-----------------------------------------------------------------------------------------
  C[4]           -       -     F     (arrival)       11  8.2   100     0       0    (-,-) 
  g11445__2883/Y -       A1->Y F     OA22X1_RVT       2  1.9    42   126     126    (-,-) 
  g11346/Y       -       A->Y  R     INVX1_RVT        2  1.6    31    34     159    (-,-) 
  g11242__5115/Y -       A3->Y R     AO22X1_RVT       3  2.4    48    76     235    (-,-) 
  g11209/Y       -       A->Y  F     INVX1_RVT        1  0.5    26    20     255    (-,-) 
  g11122__6417/Y -       A2->Y F     OA22X1_RVT       3  2.4    44    86     340    (-,-) 
  g11089/Y       -       A->Y  R     INVX1_RVT        1  0.5    26    25     366    (-,-) 
  g11032__6161/Y -       A2->Y R     OA22X1_RVT       1  0.5    30    69     435    (-,-) 
  g10983__6131/Y -       A2->Y R     OA22X1_RVT       1  0.5    32    71     505    (-,-) 
  g10968__8246/Y -       A2->Y F     NAND2X0_RVT      1  0.5    41    34     540    (-,-) 
  P[4]           -       -     F     (port)           -    -     -     0     540    (-,-) 
#-----------------------------------------------------------------------------------------



Path 2: MET (0 ps) Path Delay Check
          Group: INPUTS
     Startpoint: (F) D[5]
       Endpoint: (R) S[0]

                   Capture    Launch  
      Path Delay:+     540         -  
      Drv Adjust:+       0         0  
         Arrival:=     540            
                                      
   Required Time:=     540            
       Data Path:-     540            
           Slack:=       0            

Exceptions/Constraints:
  max_delay             540             del_1 

#-----------------------------------------------------------------------------------------
# Timing Point   Flags   Arc   Edge    Cell      Fanout Load Trans Delay Arrival Instance 
#                                                       (fF)  (ps)  (ps)   (ps)  Location 
#-----------------------------------------------------------------------------------------
  D[5]           -       -     F     (arrival)       10  7.7   100     0       0    (-,-) 
  g11329__2398/Y -       A1->Y R     OAI22X2_RVT      6  4.9    36   147     147    (-,-) 
  g11281/Y       -       A->Y  F     INVX1_RVT        3  1.6    30    28     174    (-,-) 
  g11250__7482/Y -       A4->Y F     OA22X1_RVT       3  2.6    45    77     252    (-,-) 
  g11213/Y       -       A->Y  R     INVX1_RVT        2  1.8    34    36     288    (-,-) 
  g11116__1705/Y -       A3->Y R     XNOR3X2_RVT      1  1.3    57    81     369    (-,-) 
  g11055__8246/Y -       A3->Y R     XNOR3X1_RVT      1  0.5    62    84     453    (-,-) 
  g10990__3680/Y -       A1->Y R     AO22X1_RVT       1  0.5    32    86     540    (-,-) 
  S[0]           -       -     R     (port)           -    -     -     0     540    (-,-) 
#-----------------------------------------------------------------------------------------



Path 3: MET (0 ps) Path Delay Check
          Group: INPUTS
     Startpoint: (F) A[0]
       Endpoint: (F) S[3]

                   Capture    Launch  
      Path Delay:+     540         -  
      Drv Adjust:+       0         0  
         Arrival:=     540            
                                      
   Required Time:=     540            
       Data Path:-     540            
           Slack:=       0            

Exceptions/Constraints:
  max_delay             540             del_1 

#-----------------------------------------------------------------------------------------
# Timing Point   Flags   Arc   Edge    Cell      Fanout Load Trans Delay Arrival Instance 
#                                                       (fF)  (ps)  (ps)   (ps)  Location 
#-----------------------------------------------------------------------------------------
  A[0]           -       -     F     (arrival)        8  6.0   100     0       0    (-,-) 
  g11303__6131/Y -       A1->Y F     OA22X1_RVT       3  2.2    44   128     128    (-,-) 
  g11262/Y       -       A->Y  R     INVX0_RVT        1  0.6    28    30     158    (-,-) 
  g11189__5122/Y -       A3->Y R     AO22X1_RVT       1  1.0    37    64     222    (-,-) 
  g11046__2346/Y -       A2->Y R     XNOR3X1_RVT      2  1.2    70   211     432    (-,-) 
  g11027/Y       -       A->Y  F     INVX0_RVT        1  0.6    36    26     459    (-,-) 
  g11020__7098/Y -       A1->Y R     NAND3X0_RVT      1  0.6    53    36     495    (-,-) 
  g10976__4319/Y -       A1->Y F     NAND3X0_RVT      1  0.5    54    45     540    (-,-) 
  S[3]           -       -     F     (port)           -    -     -     0     540    (-,-) 
#-----------------------------------------------------------------------------------------



Path 4: MET (0 ps) Path Delay Check
          Group: INPUTS
     Startpoint: (F) D[2]
       Endpoint: (R) S[4]

                   Capture    Launch  
      Path Delay:+     540         -  
      Drv Adjust:+       0         0  
         Arrival:=     540            
                                      
   Required Time:=     540            
       Data Path:-     540            
           Slack:=       0            

Exceptions/Constraints:
  max_delay             540             del_1 

#-----------------------------------------------------------------------------------------
# Timing Point   Flags   Arc   Edge    Cell      Fanout Load Trans Delay Arrival Instance 
#                                                       (fF)  (ps)  (ps)   (ps)  Location 
#-----------------------------------------------------------------------------------------
  D[2]           -       -     F     (arrival)       11  7.5   100     0       0    (-,-) 
  g11434/Y       -       A->Y  R     INVX2_RVT        9  4.5    59    54      54    (-,-) 
  g11318__5122/Y -       A2->Y R     OA22X1_RVT       4  2.9    53    98     153    (-,-) 
  g11238__5122/Y -       A1->Y R     AO22X1_RVT       2  1.9    44    96     249    (-,-) 
  g11121__1881/Y -       A3->Y F     XOR3X2_RVT       2  2.3    51    86     335    (-,-) 
  g2/Y           -       S0->Y F     MUX21X2_RVT      1  0.5    35    94     429    (-,-) 
  g10982__8428/Y -       A2->Y F     OA22X1_RVT       1  0.5    30    73     502    (-,-) 
  g10970__6783/Y -       A2->Y R     NAND2X0_RVT      1  0.5    38    38     540    (-,-) 
  S[4]           -       -     R     (port)           -    -     -     0     540    (-,-) 
#-----------------------------------------------------------------------------------------



Path 5: MET (0 ps) Path Delay Check
          Group: INPUTS
     Startpoint: (F) A[6]
       Endpoint: (R) S[1]

                   Capture    Launch  
      Path Delay:+     540         -  
      Drv Adjust:+       0         0  
         Arrival:=     540            
                                      
   Required Time:=     540            
       Data Path:-     540            
           Slack:=       0            

Exceptions/Constraints:
  max_delay             540             del_1 

#-----------------------------------------------------------------------------------------
# Timing Point   Flags   Arc   Edge    Cell      Fanout Load Trans Delay Arrival Instance 
#                                                       (fF)  (ps)  (ps)   (ps)  Location 
#-----------------------------------------------------------------------------------------
  A[6]           -       -     F     (arrival)       10  9.2   100     0       0    (-,-) 
  g11428/Y       -       A->Y  R     INVX4_RVT        6  3.3    47    36      36    (-,-) 
  g11397__4733/Y -       A2->Y F     OAI22X2_RVT      5  4.9    37   104     140    (-,-) 
  g11348/Y       -       A->Y  R     INVX1_RVT        1  0.5    23    24     164    (-,-) 
  g11253__4733/Y -       A4->Y R     OA22X1_RVT       3  3.5    57    82     245    (-,-) 
  g11043__5526/Y -       A2->Y R     XNOR3X1_RVT      1  0.5    62   208     453    (-,-) 
  g10989__3680/Y -       A1->Y R     AO22X1_RVT       1  0.5    32    86     540    (-,-) 
  S[1]           -       -     R     (port)           -    -     -     0     540    (-,-) 
#-----------------------------------------------------------------------------------------



Path 6: MET (1 ps) Path Delay Check
          Group: INPUTS
     Startpoint: (F) D[3]
       Endpoint: (R) P[3]

                   Capture    Launch  
      Path Delay:+     540         -  
      Drv Adjust:+       0         0  
         Arrival:=     540            
                                      
   Required Time:=     540            
       Data Path:-     539            
           Slack:=       1            

Exceptions/Constraints:
  max_delay             540             del_1 

#-----------------------------------------------------------------------------------------
# Timing Point   Flags   Arc   Edge    Cell      Fanout Load Trans Delay Arrival Instance 
#                                                       (fF)  (ps)  (ps)   (ps)  Location 
#-----------------------------------------------------------------------------------------
  D[3]           -       -     F     (arrival)       10  8.2   100     0       0    (-,-) 
  g11409/Y       -       A->Y  R     INVX2_RVT        7  4.4    59    54      54    (-,-) 
  g11236__6131/Y -       A1->Y F     XOR3X1_RVT       1  1.1    45   188     242    (-,-) 
  g11120__5477/Y -       S0->Y F     MUX21X1_RVT      3  1.9    50   109     351    (-,-) 
  g11087/Y       -       A->Y  R     INVX1_RVT        2  1.2    32    33     384    (-,-) 
  g11084__7410/Y -       A1->Y F     NAND3X0_RVT      1  0.6    55    42     427    (-,-) 
  g11009__5115/Y -       A1->Y F     AO21X1_RVT       1  0.6    25    80     507    (-,-) 
  g10969__1617/Y -       A2->Y R     NAND3X0_RVT      1  0.5    44    32     539    (-,-) 
  P[3]           -       -     R     (port)           -    -     -     0     539    (-,-) 
#-----------------------------------------------------------------------------------------



Path 7: MET (1 ps) Path Delay Check
          Group: INPUTS
     Startpoint: (F) D[4]
       Endpoint: (F) Q[4]

                   Capture    Launch  
      Path Delay:+     540         -  
      Drv Adjust:+       0         0  
         Arrival:=     540            
                                      
   Required Time:=     540            
       Data Path:-     539            
           Slack:=       1            

Exceptions/Constraints:
  max_delay             540             del_1 

#-----------------------------------------------------------------------------------------
# Timing Point   Flags   Arc   Edge    Cell      Fanout Load Trans Delay Arrival Instance 
#                                                       (fF)  (ps)  (ps)   (ps)  Location 
#-----------------------------------------------------------------------------------------
  D[4]           -       -     F     (arrival)       11  8.9   100     0       0    (-,-) 
  g11392__3680/Y -       A1->Y F     OA22X1_RVT       3  2.6    47   131     131    (-,-) 
  g11344/Y       -       A->Y  R     INVX1_RVT        2  1.9    36    38     168    (-,-) 
  g11244__1705/Y -       A3->Y R     AO22X1_RVT       2  1.9    44    74     242    (-,-) 
  g11210/Y       -       A->Y  F     INVX1_RVT        1  1.1    29    25     267    (-,-) 
  g11071__2802/Y -       A1->Y F     XNOR3X2_RVT      2  1.3    69   178     445    (-,-) 
  g11014__5477/Y -       A1->Y R     NAND3X0_RVT      1  0.6    53    49     494    (-,-) 
  g10974__5107/Y -       A1->Y F     NAND3X0_RVT      1  0.5    54    45     539    (-,-) 
  Q[4]           -       -     F     (port)           -    -     -     0     539    (-,-) 
#-----------------------------------------------------------------------------------------



Path 8: MET (1 ps) Path Delay Check
          Group: INPUTS
     Startpoint: (F) A[5]
       Endpoint: (F) Q[3]

                   Capture    Launch  
      Path Delay:+     540         -  
      Drv Adjust:+       0         0  
         Arrival:=     540            
                                      
   Required Time:=     540            
       Data Path:-     539            
           Slack:=       1            

Exceptions/Constraints:
  max_delay             540             del_1 

#-----------------------------------------------------------------------------------------
# Timing Point   Flags   Arc   Edge    Cell      Fanout Load Trans Delay Arrival Instance 
#                                                       (fF)  (ps)  (ps)   (ps)  Location 
#-----------------------------------------------------------------------------------------
  A[5]           -       -     F     (arrival)       12 10.2   100     0       0    (-,-) 
  g11379__2802/Y -       A1->Y F     OA22X1_RVT       3  1.8    41   125     125    (-,-) 
  g11334/Y       -       A->Y  R     INVX1_RVT        2  1.0    27    29     154    (-,-) 
  g11228__2398/Y -       A1->Y R     AO22X1_RVT       1  1.1    36    82     236    (-,-) 
  g11045__2346/Y -       A1->Y R     XNOR3X1_RVT      2  1.2    70   196     431    (-,-) 
  g11026/Y       -       A->Y  F     INVX0_RVT        1  0.6    36    26     458    (-,-) 
  g11018__6131/Y -       A1->Y R     NAND3X0_RVT      1  0.6    53    36     494    (-,-) 
  g10975__5122/Y -       A1->Y F     NAND3X0_RVT      1  0.5    54    45     539    (-,-) 
  Q[3]           -       -     F     (port)           -    -     -     0     539    (-,-) 
#-----------------------------------------------------------------------------------------



Path 9: MET (2 ps) Path Delay Check
          Group: INPUTS
     Startpoint: (F) A[6]
       Endpoint: (F) R[6]

                   Capture    Launch  
      Path Delay:+     540         -  
      Drv Adjust:+       0         0  
         Arrival:=     540            
                                      
   Required Time:=     540            
       Data Path:-     538            
           Slack:=       2            

Exceptions/Constraints:
  max_delay             540             del_1 

#-----------------------------------------------------------------------------------------
# Timing Point   Flags   Arc   Edge    Cell      Fanout Load Trans Delay Arrival Instance 
#                                                       (fF)  (ps)  (ps)   (ps)  Location 
#-----------------------------------------------------------------------------------------
  A[6]           -       -     F     (arrival)       10  9.2   100     0       0    (-,-) 
  g11401__6417/Y -       A1->Y R     OAI22X1_RVT      6  3.9    44   146     146    (-,-) 
  g11352/Y       -       A->Y  F     INVX2_RVT        7  5.1    39    36     182    (-,-) 
  g11174__5477/Y -       A1->Y F     MUX21X1_RVT      1  1.1    43    91     273    (-,-) 
  g11044__7482/Y -       A1->Y F     XNOR3X2_RVT      1  0.5    67   178     451    (-,-) 
  g10996__1666/Y -       A1->Y F     AO22X1_RVT       1  0.5    30    87     538    (-,-) 
  R[6]           -       -     F     (port)           -    -     -     0     538    (-,-) 
#-----------------------------------------------------------------------------------------



Path 10: MET (2 ps) Path Delay Check
          Group: INPUTS
     Startpoint: (F) B[7]
       Endpoint: (R) R[2]

                   Capture    Launch  
      Path Delay:+     540         -  
      Drv Adjust:+       0         0  
         Arrival:=     540            
                                      
   Required Time:=     540            
       Data Path:-     538            
           Slack:=       2            

Exceptions/Constraints:
  max_delay             540             del_1 

#-----------------------------------------------------------------------------------------
# Timing Point   Flags   Arc   Edge    Cell      Fanout Load Trans Delay Arrival Instance 
#                                                       (fF)  (ps)  (ps)   (ps)  Location 
#-----------------------------------------------------------------------------------------
  B[7]           -       -     F     (arrival)       12 11.2   100     0       0    (-,-) 
  g11415/Y       -       A->Y  R     INVX4_RVT        7  3.6    48    37      37    (-,-) 
  g11399__6161/Y -       A2->Y F     OAI22X1_RVT      5  4.3    49   110     147    (-,-) 
  g11350/Y       -       A->Y  R     INVX1_RVT        2  1.1    31    32     179    (-,-) 
  g11225__5477/Y -       A2->Y R     MUX21X1_RVT      1  1.1    39    86     265    (-,-) 
  g11059__7410/Y -       A1->Y R     XNOR3X1_RVT      1  0.5    62   187     452    (-,-) 
  g11000__9945/Y -       A1->Y R     AO22X1_RVT       1  0.5    32    86     538    (-,-) 
  R[2]           -       -     R     (port)           -    -     -     0     538    (-,-) 
#-----------------------------------------------------------------------------------------



Path 11: MET (2 ps) Path Delay Check
          Group: INPUTS
     Startpoint: (F) B[5]
       Endpoint: (F) P[1]

                   Capture    Launch  
      Path Delay:+     540         -  
      Drv Adjust:+       0         0  
         Arrival:=     540            
                                      
   Required Time:=     540            
       Data Path:-     538            
           Slack:=       2            

Exceptions/Constraints:
  max_delay             540             del_1 

#-----------------------------------------------------------------------------------------
# Timing Point   Flags   Arc   Edge    Cell      Fanout Load Trans Delay Arrival Instance 
#                                                       (fF)  (ps)  (ps)   (ps)  Location 
#-----------------------------------------------------------------------------------------
  B[5]           -       -     F     (arrival)       14 10.6   100     0       0    (-,-) 
  g11416/Y       -       A->Y  R     INVX4_RVT       11  6.1    52    44      44    (-,-) 
  g11398__6161/Y -       A1->Y R     AO22X1_RVT       5  4.2    62   112     157    (-,-) 
  g11349/Y       -       A->Y  F     INVX1_RVT        2  1.0    35    26     183    (-,-) 
  g11254__9315/Y -       A4->Y F     OA22X1_RVT       3  3.5    52    86     269    (-,-) 
  g11036__5122/Y -       A1->Y F     XNOR3X2_RVT      1  0.5    67   182     451    (-,-) 
  g10993__2802/Y -       A1->Y F     AO22X1_RVT       1  0.5    30    87     538    (-,-) 
  P[1]           -       -     F     (port)           -    -     -     0     538    (-,-) 
#-----------------------------------------------------------------------------------------



Path 12: MET (3 ps) Path Delay Check
          Group: INPUTS
     Startpoint: (F) C[7]
       Endpoint: (F) Q[6]

                   Capture    Launch  
      Path Delay:+     540         -  
      Drv Adjust:+       0         0  
         Arrival:=     540            
                                      
   Required Time:=     540            
       Data Path:-     537            
           Slack:=       3            

Exceptions/Constraints:
  max_delay             540             del_1 

#-----------------------------------------------------------------------------------------
# Timing Point   Flags   Arc   Edge    Cell      Fanout Load Trans Delay Arrival Instance 
#                                                       (fF)  (ps)  (ps)   (ps)  Location 
#-----------------------------------------------------------------------------------------
  C[7]           -       -     F     (arrival)       13 10.4   100     0       0    (-,-) 
  g11436/Y       -       A->Y  R     INVX4_RVT       10  5.5    51    42      42    (-,-) 
  g11402__5477/Y -       A2->Y R     OA22X2_RVT       6  5.9    61   111     154    (-,-) 
  g11353/Y       -       A->Y  F     INVX2_RVT        4  3.4    40    32     186    (-,-) 
  g11207__6161/Y -       A4->Y F     OA22X1_RVT       4  3.0    49    84     270    (-,-) 
  g11058__8246/Y -       A1->Y F     XNOR3X2_RVT      1  0.5    67   180     450    (-,-) 
  g11002__4319/Y -       A1->Y F     AO22X1_RVT       1  0.5    30    87     537    (-,-) 
  Q[6]           -       -     F     (port)           -    -     -     0     537    (-,-) 
#-----------------------------------------------------------------------------------------



Path 13: MET (3 ps) Path Delay Check
          Group: INPUTS
     Startpoint: (F) B[6]
       Endpoint: (R) P[6]

                   Capture    Launch  
      Path Delay:+     540         -  
      Drv Adjust:+       0         0  
         Arrival:=     540            
                                      
   Required Time:=     540            
       Data Path:-     537            
           Slack:=       3            

Exceptions/Constraints:
  max_delay             540             del_1 

#-----------------------------------------------------------------------------------------
# Timing Point   Flags   Arc   Edge    Cell      Fanout Load Trans Delay Arrival Instance 
#                                                       (fF)  (ps)  (ps)   (ps)  Location 
#-----------------------------------------------------------------------------------------
  B[6]           -       -     F     (arrival)       12  9.7   100     0       0    (-,-) 
  g11400__9315/Y -       A1->Y F     OA22X2_RVT       6  5.6    56   146     146    (-,-) 
  g11351/Y       -       A->Y  R     INVX1_RVT        3  2.4    42    44     191    (-,-) 
  g11202__2883/Y -       A4->Y R     OA22X1_RVT       3  2.5    46    81     272    (-,-) 
  g11159__2883/Y -       A3->Y R     XNOR3X1_RVT      1  1.3    71    91     362    (-,-) 
  g11042__6161/Y -       A3->Y R     XNOR3X1_RVT      1  0.5    62    88     451    (-,-) 
  g10998__5122/Y -       A1->Y R     AO22X1_RVT       1  0.5    32    86     537    (-,-) 
  P[6]           -       -     R     (port)           -    -     -     0     537    (-,-) 
#-----------------------------------------------------------------------------------------



Path 14: MET (4 ps) Path Delay Check
          Group: INPUTS
     Startpoint: (F) D[4]
       Endpoint: (R) S[5]

                   Capture    Launch  
      Path Delay:+     540         -  
      Drv Adjust:+       0         0  
         Arrival:=     540            
                                      
   Required Time:=     540            
       Data Path:-     536            
           Slack:=       4            

Exceptions/Constraints:
  max_delay             540             del_1 

#------------------------------------------------------------------------------------------
#  Timing Point   Flags   Arc   Edge    Cell      Fanout Load Trans Delay Arrival Instance 
#                                                        (fF)  (ps)  (ps)   (ps)  Location 
#------------------------------------------------------------------------------------------
  D[4]            -       -     F     (arrival)       11  8.9   100     0       0    (-,-) 
  g11410/Y        -       A->Y  R     INVX2_RVT        8  4.1    58    53      53    (-,-) 
  g11306__6260/Y  -       A1->Y R     AO22X1_RVT       2  3.0    52   106     158    (-,-) 
  g11152__11472/S -       B->S  F     FADDX1_RVT       1  1.0    39   149     308    (-,-) 
  g11446/Y        -       A2->Y F     XNOR2X1_RVT      2  1.2    38   117     425    (-,-) 
  g11029/Y        -       A->Y  R     INVX0_RVT        1  0.6    25    28     453    (-,-) 
  g11012__1705/Y  -       A1->Y F     NAND3X0_RVT      1  0.6    56    41     494    (-,-) 
  g10972__7410/Y  -       A1->Y R     NAND3X0_RVT      1  0.5    39    43     536    (-,-) 
  S[5]            -       -     R     (port)           -    -     -     0     536    (-,-) 
#------------------------------------------------------------------------------------------



Path 15: MET (4 ps) Path Delay Check
          Group: INPUTS
     Startpoint: (F) D[4]
       Endpoint: (R) R[7]

                   Capture    Launch  
      Path Delay:+     540         -  
      Drv Adjust:+       0         0  
         Arrival:=     540            
                                      
   Required Time:=     540            
       Data Path:-     536            
           Slack:=       4            

Exceptions/Constraints:
  max_delay             540             del_1 

#-----------------------------------------------------------------------------------------
# Timing Point   Flags   Arc   Edge    Cell      Fanout Load Trans Delay Arrival Instance 
#                                                       (fF)  (ps)  (ps)   (ps)  Location 
#-----------------------------------------------------------------------------------------
  D[4]           -       -     F     (arrival)       11  8.9   100     0       0    (-,-) 
  g11410/Y       -       A->Y  R     INVX2_RVT        8  4.1    58    53      53    (-,-) 
  g11306__6260/Y -       A1->Y R     AO22X1_RVT       2  3.0    52   106     158    (-,-) 
  g11108__9945/Y -       A1->Y R     XNOR3X1_RVT      1  1.3    71   203     362    (-,-) 
  g11067__8428/Y -       A3->Y R     XNOR3X1_RVT      1  0.5    62    88     450    (-,-) 
  g10995__4733/Y -       A1->Y R     AO22X1_RVT       1  0.5    32    86     536    (-,-) 
  R[7]           -       -     R     (port)           -    -     -     0     536    (-,-) 
#-----------------------------------------------------------------------------------------



Path 16: MET (4 ps) Path Delay Check
          Group: INPUTS
     Startpoint: (F) A[4]
       Endpoint: (R) S[7]

                   Capture    Launch  
      Path Delay:+     540         -  
      Drv Adjust:+       0         0  
         Arrival:=     540            
                                      
   Required Time:=     540            
       Data Path:-     536            
           Slack:=       4            

Exceptions/Constraints:
  max_delay             540             del_1 

#-----------------------------------------------------------------------------------------
# Timing Point   Flags   Arc   Edge    Cell      Fanout Load Trans Delay Arrival Instance 
#                                                       (fF)  (ps)  (ps)   (ps)  Location 
#-----------------------------------------------------------------------------------------
  A[4]           -       -     F     (arrival)       10  7.9   100     0       0    (-,-) 
  g11411/Y       -       A->Y  R     INVX2_RVT        7  3.7    56    50      50    (-,-) 
  g11313__6131/Y -       A4->Y R     OA22X1_RVT       2  1.3    41    76     126    (-,-) 
  g11267/Y       -       A->Y  F     INVX1_RVT        3  2.7    40    36     163    (-,-) 
  g11111__5477/Y -       A1->Y R     XNOR3X1_RVT      1  1.3    71   199     361    (-,-) 
  g11061__5107/Y -       A3->Y R     XNOR3X1_RVT      1  0.5    62    88     450    (-,-) 
  g10985__6161/Y -       A1->Y R     AO22X1_RVT       1  0.5    32    86     536    (-,-) 
  S[7]           -       -     R     (port)           -    -     -     0     536    (-,-) 
#-----------------------------------------------------------------------------------------



Path 17: MET (4 ps) Path Delay Check
          Group: INPUTS
     Startpoint: (F) C[6]
       Endpoint: (R) Q[1]

                   Capture    Launch  
      Path Delay:+     540         -  
      Drv Adjust:+       0         0  
         Arrival:=     540            
                                      
   Required Time:=     540            
       Data Path:-     536            
           Slack:=       4            

Exceptions/Constraints:
  max_delay             540             del_1 

#-----------------------------------------------------------------------------------------
# Timing Point   Flags   Arc   Edge    Cell      Fanout Load Trans Delay Arrival Instance 
#                                                       (fF)  (ps)  (ps)   (ps)  Location 
#-----------------------------------------------------------------------------------------
  C[6]           -       -     F     (arrival)        9  8.1   100     0       0    (-,-) 
  g11425/Y       -       A->Y  R     INVX4_RVT        6  3.2    47    35      35    (-,-) 
  g11328__7410/Y -       A2->Y F     OAI22X2_RVT      6  5.4    39   106     141    (-,-) 
  g11280/Y       -       A->Y  R     INVX2_RVT        3  1.5    24    25     166    (-,-) 
  g11251__9945/Y -       A4->Y R     OA22X1_RVT       4  2.8    52    77     244    (-,-) 
  g11041__6260/Y -       A2->Y R     XNOR3X1_RVT      1  0.5    62   206     450    (-,-) 
  g10992__1617/Y -       A1->Y R     AO22X1_RVT       1  0.5    32    86     536    (-,-) 
  Q[1]           -       -     R     (port)           -    -     -     0     536    (-,-) 
#-----------------------------------------------------------------------------------------



Path 18: MET (4 ps) Path Delay Check
          Group: INPUTS
     Startpoint: (F) D[1]
       Endpoint: (R) R[1]

                   Capture    Launch  
      Path Delay:+     540         -  
      Drv Adjust:+       0         0  
         Arrival:=     540            
                                      
   Required Time:=     540            
       Data Path:-     536            
           Slack:=       4            

Exceptions/Constraints:
  max_delay             540             del_1 

#-----------------------------------------------------------------------------------------
# Timing Point   Flags   Arc   Edge    Cell      Fanout Load Trans Delay Arrival Instance 
#                                                       (fF)  (ps)  (ps)   (ps)  Location 
#-----------------------------------------------------------------------------------------
  D[1]           -       -     F     (arrival)        8  7.0   100     0       0    (-,-) 
  g11406/Y       -       A->Y  R     INVX4_RVT        6  3.2    47    35      35    (-,-) 
  g11319__7482/Y -       A2->Y R     MUX21X2_RVT      4  4.3    55   107     142    (-,-) 
  g11148__5115/Y -       A2->Y R     XNOR3X1_RVT      1  1.3    71   219     361    (-,-) 
  g11053__9945/Y -       A3->Y R     XNOR3X1_RVT      1  0.5    62    88     450    (-,-) 
  g11003__2883/Y -       A1->Y R     AO22X1_RVT       1  0.5    32    86     536    (-,-) 
  R[1]           -       -     R     (port)           -    -     -     0     536    (-,-) 
#-----------------------------------------------------------------------------------------



Path 19: MET (4 ps) Path Delay Check
          Group: INPUTS
     Startpoint: (F) A[1]
       Endpoint: (R) R[4]

                   Capture    Launch  
      Path Delay:+     540         -  
      Drv Adjust:+       0         0  
         Arrival:=     540            
                                      
   Required Time:=     540            
       Data Path:-     536            
           Slack:=       4            

Exceptions/Constraints:
  max_delay             540             del_1 

#-----------------------------------------------------------------------------------------
# Timing Point   Flags   Arc   Edge    Cell      Fanout Load Trans Delay Arrival Instance 
#                                                       (fF)  (ps)  (ps)   (ps)  Location 
#-----------------------------------------------------------------------------------------
  A[1]           -       -     F     (arrival)        8  7.0   100     0       0    (-,-) 
  g11427/Y       -       A->Y  R     INVX4_RVT        7  4.3    49    39      39    (-,-) 
  g11316__1705/Y -       A1->Y R     AO22X1_RVT       3  1.8    43    94     133    (-,-) 
  g11269/Y       -       A->Y  F     INVX1_RVT        3  2.3    38    34     168    (-,-) 
  g11249__1881/Y -       A4->Y R     OAI22X2_RVT      2  3.2    30    91     258    (-,-) 
  g11072__1666/Y -       A2->Y F     XOR3X2_RVT       2  1.2    47   163     421    (-,-) 
  g11051/Y       -       A->Y  R     INVX0_RVT        1  0.6    29    30     452    (-,-) 
  g11023__2802/Y -       A1->Y F     NAND3X0_RVT      1  0.6    55    42     493    (-,-) 
  g10978__6260/Y -       A1->Y R     NAND3X0_RVT      1  0.5    39    43     536    (-,-) 
  R[4]           -       -     R     (port)           -    -     -     0     536    (-,-) 
#-----------------------------------------------------------------------------------------



Path 20: MET (6 ps) Path Delay Check
          Group: INPUTS
     Startpoint: (F) B[7]
       Endpoint: (R) P[0]

                   Capture    Launch  
      Path Delay:+     540         -  
      Drv Adjust:+       0         0  
         Arrival:=     540            
                                      
   Required Time:=     540            
       Data Path:-     534            
           Slack:=       6            

Exceptions/Constraints:
  max_delay             540             del_1 

#-----------------------------------------------------------------------------------------
# Timing Point   Flags   Arc   Edge    Cell      Fanout Load Trans Delay Arrival Instance 
#                                                       (fF)  (ps)  (ps)   (ps)  Location 
#-----------------------------------------------------------------------------------------
  B[7]           -       -     F     (arrival)       12 11.2   100     0       0    (-,-) 
  g11415/Y       -       A->Y  R     INVX4_RVT        7  3.6    48    37      37    (-,-) 
  g11399__6161/Y -       A2->Y F     OAI22X1_RVT      5  4.3    49   110     147    (-,-) 
  g11350/Y       -       A->Y  R     INVX1_RVT        2  1.1    31    32     179    (-,-) 
  g11183__5526/Y -       A4->Y R     AO22X1_RVT       1  1.0    35    69     248    (-,-) 
  g11035__2398/Y -       A2->Y R     XNOR3X1_RVT      1  0.5    62   200     448    (-,-) 
  g10997__7482/Y -       A1->Y R     AO22X1_RVT       1  0.5    32    86     534    (-,-) 
  P[0]           -       -     R     (port)           -    -     -     0     534    (-,-) 
#-----------------------------------------------------------------------------------------



Path 21: MET (8 ps) Path Delay Check
          Group: INPUTS
     Startpoint: (F) B[1]
       Endpoint: (R) P[2]

                   Capture    Launch  
      Path Delay:+     540         -  
      Drv Adjust:+       0         0  
         Arrival:=     540            
                                      
   Required Time:=     540            
       Data Path:-     532            
           Slack:=       8            

Exceptions/Constraints:
  max_delay             540             del_1 

#-----------------------------------------------------------------------------------------
# Timing Point   Flags   Arc   Edge    Cell      Fanout Load Trans Delay Arrival Instance 
#                                                       (fF)  (ps)  (ps)   (ps)  Location 
#-----------------------------------------------------------------------------------------
  B[1]           -       -     F     (arrival)        9  7.7   100     0       0    (-,-) 
  g11404/Y       -       A->Y  R     INVX4_RVT        7  3.8    48    37      37    (-,-) 
  g11317__6260/Y -       A1->Y R     AO22X1_RVT       2  1.4    40    90     128    (-,-) 
  g11270/Y       -       A->Y  F     INVX1_RVT        3  2.7    39    36     164    (-,-) 
  g11136__5122/Y -       A2->Y F     XNOR3X2_RVT      1  1.3    69   193     357    (-,-) 
  g11034__2883/Y -       A3->Y R     XNOR3X1_RVT      1  0.5    62    88     445    (-,-) 
  g10988__1881/Y -       A1->Y R     AO22X1_RVT       1  0.5    32    86     532    (-,-) 
  P[2]           -       -     R     (port)           -    -     -     0     532    (-,-) 
#-----------------------------------------------------------------------------------------



Path 22: MET (9 ps) Path Delay Check
          Group: INPUTS
     Startpoint: (F) D[7]
       Endpoint: (F) R[0]

                   Capture    Launch  
      Path Delay:+     540         -  
      Drv Adjust:+       0         0  
         Arrival:=     540            
                                      
   Required Time:=     540            
       Data Path:-     531            
           Slack:=       9            

Exceptions/Constraints:
  max_delay             540             del_1 

#-----------------------------------------------------------------------------------------
# Timing Point   Flags   Arc   Edge    Cell      Fanout Load Trans Delay Arrival Instance 
#                                                       (fF)  (ps)  (ps)   (ps)  Location 
#-----------------------------------------------------------------------------------------
  D[7]           -       -     F     (arrival)       14 12.9   100     0       0    (-,-) 
  g11417/Y       -       A->Y  R     INVX8_RVT       12  6.5    46    33      33    (-,-) 
  g11395__7098/Y -       A1->Y R     AO22X1_RVT       3  3.2    54   104     137    (-,-) 
  g11138__6783/Y -       A2->Y R     XNOR3X1_RVT      1  1.1    69   216     353    (-,-) 
  g11039__9945/Y -       S0->Y F     MUX21X1_RVT      1  0.5    37   106     459    (-,-) 
  g10984__3680/Y -       A1->Y F     AO22X1_RVT       1  0.5    30    72     531    (-,-) 
  R[0]           -       -     F     (port)           -    -     -     0     531    (-,-) 
#-----------------------------------------------------------------------------------------



Path 23: MET (10 ps) Path Delay Check
          Group: INPUTS
     Startpoint: (F) A[0]
       Endpoint: (R) Q[0]

                   Capture    Launch  
      Path Delay:+     540         -  
      Drv Adjust:+       0         0  
         Arrival:=     540            
                                      
   Required Time:=     540            
       Data Path:-     530            
           Slack:=      10            

Exceptions/Constraints:
  max_delay             540             del_1 

#-----------------------------------------------------------------------------------------
# Timing Point   Flags   Arc   Edge    Cell      Fanout Load Trans Delay Arrival Instance 
#                                                       (fF)  (ps)  (ps)   (ps)  Location 
#-----------------------------------------------------------------------------------------
  A[0]           -       -     F     (arrival)        8  6.0   100     0       0    (-,-) 
  g11322__5115/Y -       A1->Y F     OA22X1_RVT       5  3.4    53   136     136    (-,-) 
  g11274/Y       -       A->Y  R     INVX1_RVT        3  1.6    36    37     174    (-,-) 
  g11180__5526/Y -       A1->Y R     AO22X1_RVT       1  1.1    36    84     258    (-,-) 
  g11037__3680/Y -       A1->Y R     XNOR3X1_RVT      1  0.5    62   186     444    (-,-) 
  g10994__5115/Y -       A1->Y R     AO22X1_RVT       1  0.5    32    86     530    (-,-) 
  Q[0]           -       -     R     (port)           -    -     -     0     530    (-,-) 
#-----------------------------------------------------------------------------------------



Path 24: MET (10 ps) Path Delay Check
          Group: INPUTS
     Startpoint: (F) A[6]
       Endpoint: (R) S[6]

                   Capture    Launch  
      Path Delay:+     540         -  
      Drv Adjust:+       0         0  
         Arrival:=     540            
                                      
   Required Time:=     540            
       Data Path:-     530            
           Slack:=      10            

Exceptions/Constraints:
  max_delay             540             del_1 

#-----------------------------------------------------------------------------------------
# Timing Point   Flags   Arc   Edge    Cell      Fanout Load Trans Delay Arrival Instance 
#                                                       (fF)  (ps)  (ps)   (ps)  Location 
#-----------------------------------------------------------------------------------------
  A[6]           -       -     F     (arrival)       10  9.2   100     0       0    (-,-) 
  g11401__6417/Y -       A1->Y R     OAI22X1_RVT      6  3.9    44   146     146    (-,-) 
  g11352/Y       -       A->Y  F     INVX2_RVT        7  5.1    39    36     182    (-,-) 
  g11205__9945/Y -       A2->Y F     OA22X1_RVT       3  2.6    45    92     274    (-,-) 
  g11459/Y       -       A3->Y R     XOR3X1_RVT       1  1.3    54    86     360    (-,-) 
  g11040__5526/Y -       A3->Y R     XNOR3X1_RVT      1  0.5    62    83     443    (-,-) 
  g10986__2346/Y -       A1->Y R     AO22X1_RVT       1  0.5    32    86     530    (-,-) 
  S[6]           -       -     R     (port)           -    -     -     0     530    (-,-) 
#-----------------------------------------------------------------------------------------



Path 25: MET (11 ps) Path Delay Check
          Group: INPUTS
     Startpoint: (F) C[1]
       Endpoint: (R) Q[2]

                   Capture    Launch  
      Path Delay:+     540         -  
      Drv Adjust:+       0         0  
         Arrival:=     540            
                                      
   Required Time:=     540            
       Data Path:-     529            
           Slack:=      11            

Exceptions/Constraints:
  max_delay             540             del_1 

#-----------------------------------------------------------------------------------------
# Timing Point   Flags   Arc   Edge    Cell      Fanout Load Trans Delay Arrival Instance 
#                                                       (fF)  (ps)  (ps)   (ps)  Location 
#-----------------------------------------------------------------------------------------
  C[1]           -       -     F     (arrival)        8  5.3   100     0       0    (-,-) 
  g11421/Y       -       A->Y  R     INVX2_RVT        7  3.6    56    50      50    (-,-) 
  g11311__1666/Y -       A4->Y R     OA22X1_RVT       2  1.3    41    76     126    (-,-) 
  g11265/Y       -       A->Y  F     INVX1_RVT        3  2.6    39    36     161    (-,-) 
  g11119__5526/Y -       A2->Y F     XNOR3X2_RVT      1  1.3    69   193     354    (-,-) 
  g11068__6783/Y -       A3->Y R     XNOR3X1_RVT      1  0.5    62    88     442    (-,-) 
  g10991__7482/Y -       A1->Y R     AO22X1_RVT       1  0.5    32    86     529    (-,-) 
  Q[2]           -       -     R     (port)           -    -     -     0     529    (-,-) 
#-----------------------------------------------------------------------------------------



Path 26: MET (14 ps) Path Delay Check
          Group: INPUTS
     Startpoint: (F) C[4]
       Endpoint: (R) P[7]

                   Capture    Launch  
      Path Delay:+     540         -  
      Drv Adjust:+       0         0  
         Arrival:=     540            
                                      
   Required Time:=     540            
       Data Path:-     526            
           Slack:=      14            

Exceptions/Constraints:
  max_delay             540             del_1 

#-----------------------------------------------------------------------------------------
# Timing Point   Flags   Arc   Edge    Cell      Fanout Load Trans Delay Arrival Instance 
#                                                       (fF)  (ps)  (ps)   (ps)  Location 
#-----------------------------------------------------------------------------------------
  C[4]           -       -     F     (arrival)       11  8.2   100     0       0    (-,-) 
  g11445__2883/Y -       A1->Y F     OA22X1_RVT       2  1.9    42   126     126    (-,-) 
  g11346/Y       -       A->Y  R     INVX1_RVT        2  1.6    31    34     159    (-,-) 
  g11242__5115/Y -       A3->Y R     AO22X1_RVT       3  2.4    48    76     235    (-,-) 
  g11062__6260/Y -       A2->Y R     XNOR3X1_RVT      1  0.5    62   204     439    (-,-) 
  g11001__1705/Y -       A1->Y R     AO22X1_RVT       1  0.5    32    86     526    (-,-) 
  P[7]           -       -     R     (port)           -    -     -     0     526    (-,-) 
#-----------------------------------------------------------------------------------------



Path 27: MET (15 ps) Path Delay Check
          Group: INPUTS
     Startpoint: (F) A[6]
       Endpoint: (R) S[2]

                   Capture    Launch  
      Path Delay:+     540         -  
      Drv Adjust:+       0         0  
         Arrival:=     540            
                                      
   Required Time:=     540            
       Data Path:-     525            
           Slack:=      15            

Exceptions/Constraints:
  max_delay             540             del_1 

#-----------------------------------------------------------------------------------------
# Timing Point   Flags   Arc   Edge    Cell      Fanout Load Trans Delay Arrival Instance 
#                                                       (fF)  (ps)  (ps)   (ps)  Location 
#-----------------------------------------------------------------------------------------
  A[6]           -       -     F     (arrival)       10  9.2   100     0       0    (-,-) 
  g11401__6417/Y -       A1->Y R     OAI22X1_RVT      6  3.9    44   146     146    (-,-) 
  g11352/Y       -       A->Y  F     INVX2_RVT        7  5.1    39    36     182    (-,-) 
  g11184__1617/Y -       A2->Y F     OA22X1_RVT       1  1.3    36    82     264    (-,-) 
  g11135__1705/Y -       A3->Y R     XNOR3X1_RVT      1  1.3    71    87     350    (-,-) 
  g11060__6417/Y -       A3->Y R     XNOR3X1_RVT      1  0.5    62    88     439    (-,-) 
  g10987__6417/Y -       A1->Y R     AO22X1_RVT       1  0.5    32    86     525    (-,-) 
  S[2]           -       -     R     (port)           -    -     -     0     525    (-,-) 
#-----------------------------------------------------------------------------------------



Path 28: MET (16 ps) Path Delay Check
          Group: INPUTS
     Startpoint: (F) A[4]
       Endpoint: (R) P[5]

                   Capture    Launch  
      Path Delay:+     540         -  
      Drv Adjust:+       0         0  
         Arrival:=     540            
                                      
   Required Time:=     540            
       Data Path:-     524            
           Slack:=      16            

Exceptions/Constraints:
  max_delay             540             del_1 

#-----------------------------------------------------------------------------------------
# Timing Point   Flags   Arc   Edge    Cell      Fanout Load Trans Delay Arrival Instance 
#                                                       (fF)  (ps)  (ps)   (ps)  Location 
#-----------------------------------------------------------------------------------------
  A[4]           -       -     F     (arrival)       10  7.9   100     0       0    (-,-) 
  g11411/Y       -       A->Y  R     INVX2_RVT        7  3.7    56    50      50    (-,-) 
  g11313__6131/Y -       A4->Y R     OA22X1_RVT       2  1.3    41    76     126    (-,-) 
  g11267/Y       -       A->Y  F     INVX1_RVT        3  2.7    40    36     163    (-,-) 
  g11146__4319/Y -       A1->Y F     XOR3X2_RVT       1  1.3    47   158     320    (-,-) 
  g11073__1705/Y -       A3->Y F     XNOR3X1_RVT      2  1.2    63    83     403    (-,-) 
  g11052/Y       -       A->Y  R     INVX0_RVT        1  0.6    36    35     438    (-,-) 
  g11025__8428/Y -       A1->Y F     NAND3X0_RVT      1  0.6    55    43     481    (-,-) 
  g10971__2398/Y -       A1->Y R     NAND3X0_RVT      1  0.5    42    43     524    (-,-) 
  P[5]           -       -     R     (port)           -    -     -     0     524    (-,-) 
#-----------------------------------------------------------------------------------------



Path 29: MET (17 ps) Path Delay Check
          Group: INPUTS
     Startpoint: (F) A[0]
       Endpoint: (R) R[3]

                   Capture    Launch  
      Path Delay:+     540         -  
      Drv Adjust:+       0         0  
         Arrival:=     540            
                                      
   Required Time:=     540            
       Data Path:-     523            
           Slack:=      17            

Exceptions/Constraints:
  max_delay             540             del_1 

#-----------------------------------------------------------------------------------------
# Timing Point   Flags   Arc   Edge    Cell      Fanout Load Trans Delay Arrival Instance 
#                                                       (fF)  (ps)  (ps)   (ps)  Location 
#-----------------------------------------------------------------------------------------
  A[0]           -       -     F     (arrival)        8  6.0   100     0       0    (-,-) 
  g11327__1666/Y -       A1->Y F     OA22X1_RVT       5  3.4    53   136     136    (-,-) 
  g11279/Y       -       A->Y  R     INVX1_RVT        3  1.6    36    37     174    (-,-) 
  g11187__1666/Y -       A2->Y R     AO22X1_RVT       1  1.3    37    90     263    (-,-) 
  g11153__4733/Y -       A3->Y R     XNOR3X2_RVT      1  3.1    65    92     356    (-,-) 
  g11004__1617/Y -       S1->Y F     MUX41X1_RVT      1  0.5    51   121     477    (-,-) 
  g10967__9315/Y -       A1->Y R     NAND2X0_RVT      1  0.5    39    46     523    (-,-) 
  R[3]           -       -     R     (port)           -    -     -     0     523    (-,-) 
#-----------------------------------------------------------------------------------------



Path 30: MET (21 ps) Path Delay Check
          Group: INPUTS
     Startpoint: (F) B[6]
       Endpoint: (R) Q[7]

                   Capture    Launch  
      Path Delay:+     540         -  
      Drv Adjust:+       0         0  
         Arrival:=     540            
                                      
   Required Time:=     540            
       Data Path:-     519            
           Slack:=      21            

Exceptions/Constraints:
  max_delay             540             del_1 

#-----------------------------------------------------------------------------------------
# Timing Point   Flags   Arc   Edge    Cell      Fanout Load Trans Delay Arrival Instance 
#                                                       (fF)  (ps)  (ps)   (ps)  Location 
#-----------------------------------------------------------------------------------------
  B[6]           -       -     F     (arrival)       12  9.7   100     0       0    (-,-) 
  g11435/Y       -       A->Y  R     INVX4_RVT        9  4.7    50    40      40    (-,-) 
  g11314__4733/Y -       A2->Y R     OA22X1_RVT       3  3.7    59   101     141    (-,-) 
  g11479/Y       -       S0->Y F     MUX21X2_RVT      2  2.7    50   111     252    (-,-) 
  g11115__6260/Y -       A3->Y R     XNOR3X1_RVT      1  1.3    71    92     344    (-,-) 
  g11063__4319/Y -       A3->Y R     XNOR3X1_RVT      1  0.5    62    88     433    (-,-) 
  g10999__5115/Y -       A1->Y R     AO22X1_RVT       1  0.5    32    86     519    (-,-) 
  Q[7]           -       -     R     (port)           -    -     -     0     519    (-,-) 
#-----------------------------------------------------------------------------------------



Path 31: MET (32 ps) Path Delay Check
          Group: INPUTS
     Startpoint: (F) C[3]
       Endpoint: (R) R[5]

                   Capture    Launch  
      Path Delay:+     540         -  
      Drv Adjust:+       0         0  
         Arrival:=     540            
                                      
   Required Time:=     540            
       Data Path:-     508            
           Slack:=      32            

Exceptions/Constraints:
  max_delay             540             del_1 

#------------------------------------------------------------------------------------------
#  Timing Point   Flags   Arc   Edge    Cell      Fanout Load Trans Delay Arrival Instance 
#                                                        (fF)  (ps)  (ps)   (ps)  Location 
#------------------------------------------------------------------------------------------
  C[3]            -       -     F     (arrival)       10  6.7   100     0       0    (-,-) 
  g11429/Y        -       A->Y  R     INVX2_RVT        8  4.2    58    53      53    (-,-) 
  g11383__6417/Y  -       A3->Y R     AO22X1_RVT       2  2.9    51    87     140    (-,-) 
  g11156__11468/S -       A->S  F     FADDX1_RVT       1  1.1    40   155     295    (-,-) 
  g11047__9945/Y  -       S0->Y F     MUX21X1_RVT      2  1.2    44   100     395    (-,-) 
  g11028/Y        -       A->Y  R     INVX0_RVT        1  0.6    28    29     424    (-,-) 
  g11022__4733/Y  -       A1->Y F     NAND3X0_RVT      1  0.6    55    41     466    (-,-) 
  g10977__5526/Y  -       A1->Y R     NAND3X0_RVT      1  0.5    39    43     508    (-,-) 
  R[5]            -       -     R     (port)           -    -     -     0     508    (-,-) 
#------------------------------------------------------------------------------------------



Path 32: MET (35 ps) Path Delay Check
          Group: INPUTS
     Startpoint: (F) B[3]
       Endpoint: (R) Q[5]

                   Capture    Launch  
      Path Delay:+     540         -  
      Drv Adjust:+       0         0  
         Arrival:=     540            
                                      
   Required Time:=     540            
       Data Path:-     505            
           Slack:=      35            

Exceptions/Constraints:
  max_delay             540             del_1 

#------------------------------------------------------------------------------------------
#  Timing Point   Flags   Arc   Edge    Cell      Fanout Load Trans Delay Arrival Instance 
#                                                        (fF)  (ps)  (ps)   (ps)  Location 
#------------------------------------------------------------------------------------------
  B[3]            -       -     F     (arrival)        9  7.5   100     0       0    (-,-) 
  g11426/Y        -       A->Y  R     INVX2_RVT        5  2.7    52    45      45    (-,-) 
  g11305__5107/Y  -       A2->Y R     OA22X1_RVT       2  2.9    53    96     141    (-,-) 
  g11147__11466/S -       B->S  F     FADDX1_RVT       1  1.1    40   150     291    (-,-) 
  g11050__6161/Y  -       S0->Y F     MUX21X1_RVT      2  1.2    44   100     392    (-,-) 
  g11030/Y        -       A->Y  R     INVX0_RVT        1  0.6    28    29     421    (-,-) 
  g11013__7098/Y  -       A1->Y F     NAND3X0_RVT      1  0.6    55    41     462    (-,-) 
  g10973__6131/Y  -       A1->Y R     NAND3X0_RVT      1  0.5    40    43     505    (-,-) 
  Q[5]            -       -     R     (port)           -    -     -     0     505    (-,-) 
#------------------------------------------------------------------------------------------

