============================================================
  Generated by:           Genus(TM) Synthesis Solution 23.10-p004_1
  Generated on:           Jan 25 2025  11:26:04 am
  Module:                 adder_64bit
  Technology library:     saed32rvt_ss0p95v125c 1.0000000
  Operating conditions:   _nominal_ (balanced_tree)
  Wireload mode:          enclosed
  Area mode:              timing library
============================================================

Timing
--------

Clock Period 
-------------
CLK    500.0 


  Cost    Critical         Violating 
 Group   Path Slack  TNS     Paths   
-------------------------------------
CLK        No paths   0.0            
default    No paths   0.0            
INPUTS     No paths   0.0            
OUTPUTS    No paths   0.0            
-------------------------------------
Total                 0.0          0 

Instance Count
--------------
Leaf Instance Count             302 
Physical Instance count           0 
Sequential Instance Count       199 
Combinational Instance Count    103 
Hierarchical Instance Count       0 

Area
----
Cell Area                          1347.471
Physical Cell Area                 0.000
Total Cell Area (Cell+Physical)    1347.471
Net Area                           0.000
Total Area (Cell+Physical+Net)     1347.471

Max Fanout                         98 (n_1)
Min Fanout                         0 (rst)
Average Fanout                     1.8
Terms to net ratio                 2.7892
Terms to instance ratio            4.2947
Runtime                            46.879962 seconds
Elapsed Runtime                    129 seconds
Genus peak memory usage            1877.36 
Innovus peak memory usage          no_value 
Hostname                           mo.ece.pdx.edu
