============================================================
  Generated by:           Genus(TM) Synthesis Solution 23.10-p004_1
  Generated on:           Jan 25 2025  11:26:04 am
  Module:                 adder_64bit
  Operating conditions:   _nominal_ (balanced_tree)
  Wireload mode:          enclosed
  Area mode:              timing library
============================================================

-------------------------------------------------------------------------------
Sequential clock pins without clock waveform

The following sequential clock pins have no clock waveform driving them.  No    
timing constraints will be derived for paths leading to or from these pins.     
(Pin | Source | Reason)                                                         

pin:adder_64bit/A_reg_0_/CLK pin:adder_64bit/PS_reg_1_/QN {Disabled timing*}
pin:adder_64bit/A_reg_10_/CLK pin:adder_64bit/PS_reg_1_/QN {Disabled timing*}
pin:adder_64bit/A_reg_11_/CLK pin:adder_64bit/PS_reg_1_/QN {Disabled timing*}
pin:adder_64bit/A_reg_12_/CLK pin:adder_64bit/PS_reg_1_/QN {Disabled timing*}
pin:adder_64bit/A_reg_13_/CLK pin:adder_64bit/PS_reg_1_/QN {Disabled timing*}
pin:adder_64bit/A_reg_14_/CLK pin:adder_64bit/PS_reg_1_/QN {Disabled timing*}
pin:adder_64bit/A_reg_15_/CLK pin:adder_64bit/PS_reg_1_/QN {Disabled timing*}
pin:adder_64bit/A_reg_16_/CLK pin:adder_64bit/PS_reg_1_/QN {Disabled timing*}
pin:adder_64bit/A_reg_17_/CLK pin:adder_64bit/PS_reg_1_/QN {Disabled timing*}
pin:adder_64bit/A_reg_18_/CLK pin:adder_64bit/PS_reg_1_/QN {Disabled timing*}
pin:adder_64bit/A_reg_19_/CLK pin:adder_64bit/PS_reg_1_/QN {Disabled timing*}
pin:adder_64bit/A_reg_1_/CLK pin:adder_64bit/PS_reg_1_/QN {Disabled timing*}
pin:adder_64bit/A_reg_20_/CLK pin:adder_64bit/PS_reg_1_/QN {Disabled timing*}
pin:adder_64bit/A_reg_21_/CLK pin:adder_64bit/PS_reg_1_/QN {Disabled timing*}
pin:adder_64bit/A_reg_22_/CLK pin:adder_64bit/PS_reg_1_/QN {Disabled timing*}
pin:adder_64bit/A_reg_23_/CLK pin:adder_64bit/PS_reg_1_/QN {Disabled timing*}
pin:adder_64bit/A_reg_24_/CLK pin:adder_64bit/PS_reg_1_/QN {Disabled timing*}
pin:adder_64bit/A_reg_25_/CLK pin:adder_64bit/PS_reg_1_/QN {Disabled timing*}
pin:adder_64bit/A_reg_26_/CLK pin:adder_64bit/PS_reg_1_/QN {Disabled timing*}
pin:adder_64bit/A_reg_27_/CLK pin:adder_64bit/PS_reg_1_/QN {Disabled timing*}
pin:adder_64bit/A_reg_28_/CLK pin:adder_64bit/PS_reg_1_/QN {Disabled timing*}
pin:adder_64bit/A_reg_29_/CLK pin:adder_64bit/PS_reg_1_/QN {Disabled timing*}
pin:adder_64bit/A_reg_2_/CLK pin:adder_64bit/PS_reg_1_/QN {Disabled timing*}
pin:adder_64bit/A_reg_30_/CLK pin:adder_64bit/PS_reg_1_/QN {Disabled timing*}
pin:adder_64bit/A_reg_31_/CLK pin:adder_64bit/PS_reg_1_/QN {Disabled timing*}
pin:adder_64bit/A_reg_3_/CLK pin:adder_64bit/PS_reg_1_/QN {Disabled timing*}
pin:adder_64bit/A_reg_4_/CLK pin:adder_64bit/PS_reg_1_/QN {Disabled timing*}
pin:adder_64bit/A_reg_5_/CLK pin:adder_64bit/PS_reg_1_/QN {Disabled timing*}
pin:adder_64bit/A_reg_6_/CLK pin:adder_64bit/PS_reg_1_/QN {Disabled timing*}
pin:adder_64bit/A_reg_7_/CLK pin:adder_64bit/PS_reg_1_/QN {Disabled timing*}
pin:adder_64bit/A_reg_8_/CLK pin:adder_64bit/PS_reg_1_/QN {Disabled timing*}
pin:adder_64bit/A_reg_9_/CLK pin:adder_64bit/PS_reg_1_/QN {Disabled timing*}
pin:adder_64bit/B_reg_0_/CLK pin:adder_64bit/PS_reg_1_/QN {Disabled timing*}
pin:adder_64bit/B_reg_10_/CLK pin:adder_64bit/PS_reg_1_/QN {Disabled timing*}
pin:adder_64bit/B_reg_11_/CLK pin:adder_64bit/PS_reg_1_/QN {Disabled timing*}
pin:adder_64bit/B_reg_12_/CLK pin:adder_64bit/PS_reg_1_/QN {Disabled timing*}
pin:adder_64bit/B_reg_13_/CLK pin:adder_64bit/PS_reg_1_/QN {Disabled timing*}
pin:adder_64bit/B_reg_14_/CLK pin:adder_64bit/PS_reg_1_/QN {Disabled timing*}
pin:adder_64bit/B_reg_15_/CLK pin:adder_64bit/PS_reg_1_/QN {Disabled timing*}
pin:adder_64bit/B_reg_16_/CLK pin:adder_64bit/PS_reg_1_/QN {Disabled timing*}
pin:adder_64bit/B_reg_17_/CLK pin:adder_64bit/PS_reg_1_/QN {Disabled timing*}
pin:adder_64bit/B_reg_18_/CLK pin:adder_64bit/PS_reg_1_/QN {Disabled timing*}
pin:adder_64bit/B_reg_19_/CLK pin:adder_64bit/PS_reg_1_/QN {Disabled timing*}
pin:adder_64bit/B_reg_1_/CLK pin:adder_64bit/PS_reg_1_/QN {Disabled timing*}
pin:adder_64bit/B_reg_20_/CLK pin:adder_64bit/PS_reg_1_/QN {Disabled timing*}
pin:adder_64bit/B_reg_21_/CLK pin:adder_64bit/PS_reg_1_/QN {Disabled timing*}
pin:adder_64bit/B_reg_22_/CLK pin:adder_64bit/PS_reg_1_/QN {Disabled timing*}
pin:adder_64bit/B_reg_23_/CLK pin:adder_64bit/PS_reg_1_/QN {Disabled timing*}
pin:adder_64bit/B_reg_24_/CLK pin:adder_64bit/PS_reg_1_/QN {Disabled timing*}
pin:adder_64bit/B_reg_25_/CLK pin:adder_64bit/PS_reg_1_/QN {Disabled timing*}
pin:adder_64bit/B_reg_26_/CLK pin:adder_64bit/PS_reg_1_/QN {Disabled timing*}
pin:adder_64bit/B_reg_27_/CLK pin:adder_64bit/PS_reg_1_/QN {Disabled timing*}
pin:adder_64bit/B_reg_28_/CLK pin:adder_64bit/PS_reg_1_/QN {Disabled timing*}
pin:adder_64bit/B_reg_29_/CLK pin:adder_64bit/PS_reg_1_/QN {Disabled timing*}
pin:adder_64bit/B_reg_2_/CLK pin:adder_64bit/PS_reg_1_/QN {Disabled timing*}
pin:adder_64bit/B_reg_30_/CLK pin:adder_64bit/PS_reg_1_/QN {Disabled timing*}
pin:adder_64bit/B_reg_31_/CLK pin:adder_64bit/PS_reg_1_/QN {Disabled timing*}
pin:adder_64bit/B_reg_3_/CLK pin:adder_64bit/PS_reg_1_/QN {Disabled timing*}
pin:adder_64bit/B_reg_4_/CLK pin:adder_64bit/PS_reg_1_/QN {Disabled timing*}
pin:adder_64bit/B_reg_5_/CLK pin:adder_64bit/PS_reg_1_/QN {Disabled timing*}
pin:adder_64bit/B_reg_6_/CLK pin:adder_64bit/PS_reg_1_/QN {Disabled timing*}
pin:adder_64bit/B_reg_7_/CLK pin:adder_64bit/PS_reg_1_/QN {Disabled timing*}
pin:adder_64bit/B_reg_8_/CLK pin:adder_64bit/PS_reg_1_/QN {Disabled timing*}
pin:adder_64bit/B_reg_9_/CLK pin:adder_64bit/PS_reg_1_/QN {Disabled timing*}
pin:adder_64bit/NS_reg_0_/CLK pin:adder_64bit/PS_reg_0_/Q {Disabled timing*}
pin:adder_64bit/NS_reg_1_/CLK pin:adder_64bit/PS_reg_0_/Q {Disabled timing*}
pin:adder_64bit/cout_reg/CLK pin:adder_64bit/PS_reg_1_/QN {Disabled timing*}
pin:adder_64bit/high_output_reg_0_/CLK pin:adder_64bit/PS_reg_0_/Q {Disabled timing*}
pin:adder_64bit/high_output_reg_10_/CLK pin:adder_64bit/PS_reg_0_/Q {Disabled timing*}
pin:adder_64bit/high_output_reg_11_/CLK pin:adder_64bit/PS_reg_0_/Q {Disabled timing*}
pin:adder_64bit/high_output_reg_12_/CLK pin:adder_64bit/PS_reg_0_/Q {Disabled timing*}
pin:adder_64bit/high_output_reg_13_/CLK pin:adder_64bit/PS_reg_0_/Q {Disabled timing*}
pin:adder_64bit/high_output_reg_14_/CLK pin:adder_64bit/PS_reg_0_/Q {Disabled timing*}
pin:adder_64bit/high_output_reg_15_/CLK pin:adder_64bit/PS_reg_0_/Q {Disabled timing*}
pin:adder_64bit/high_output_reg_16_/CLK pin:adder_64bit/PS_reg_0_/Q {Disabled timing*}
pin:adder_64bit/high_output_reg_17_/CLK pin:adder_64bit/PS_reg_0_/Q {Disabled timing*}
pin:adder_64bit/high_output_reg_18_/CLK pin:adder_64bit/PS_reg_0_/Q {Disabled timing*}
pin:adder_64bit/high_output_reg_19_/CLK pin:adder_64bit/PS_reg_0_/Q {Disabled timing*}
pin:adder_64bit/high_output_reg_1_/CLK pin:adder_64bit/PS_reg_0_/Q {Disabled timing*}
pin:adder_64bit/high_output_reg_20_/CLK pin:adder_64bit/PS_reg_0_/Q {Disabled timing*}
pin:adder_64bit/high_output_reg_21_/CLK pin:adder_64bit/PS_reg_0_/Q {Disabled timing*}
pin:adder_64bit/high_output_reg_22_/CLK pin:adder_64bit/PS_reg_0_/Q {Disabled timing*}
pin:adder_64bit/high_output_reg_23_/CLK pin:adder_64bit/PS_reg_0_/Q {Disabled timing*}
pin:adder_64bit/high_output_reg_24_/CLK pin:adder_64bit/PS_reg_0_/Q {Disabled timing*}
pin:adder_64bit/high_output_reg_25_/CLK pin:adder_64bit/PS_reg_0_/Q {Disabled timing*}
pin:adder_64bit/high_output_reg_26_/CLK pin:adder_64bit/PS_reg_0_/Q {Disabled timing*}
pin:adder_64bit/high_output_reg_27_/CLK pin:adder_64bit/PS_reg_0_/Q {Disabled timing*}
pin:adder_64bit/high_output_reg_28_/CLK pin:adder_64bit/PS_reg_0_/Q {Disabled timing*}
pin:adder_64bit/high_output_reg_29_/CLK pin:adder_64bit/PS_reg_0_/Q {Disabled timing*}
pin:adder_64bit/high_output_reg_2_/CLK pin:adder_64bit/PS_reg_0_/Q {Disabled timing*}
pin:adder_64bit/high_output_reg_30_/CLK pin:adder_64bit/PS_reg_0_/Q {Disabled timing*}
pin:adder_64bit/high_output_reg_31_/CLK pin:adder_64bit/PS_reg_0_/Q {Disabled timing*}
pin:adder_64bit/high_output_reg_3_/CLK pin:adder_64bit/PS_reg_0_/Q {Disabled timing*}
pin:adder_64bit/high_output_reg_4_/CLK pin:adder_64bit/PS_reg_0_/Q {Disabled timing*}
pin:adder_64bit/high_output_reg_5_/CLK pin:adder_64bit/PS_reg_0_/Q {Disabled timing*}
pin:adder_64bit/high_output_reg_6_/CLK pin:adder_64bit/PS_reg_0_/Q {Disabled timing*}
pin:adder_64bit/high_output_reg_7_/CLK pin:adder_64bit/PS_reg_0_/Q {Disabled timing*}
pin:adder_64bit/high_output_reg_8_/CLK pin:adder_64bit/PS_reg_0_/Q {Disabled timing*}
pin:adder_64bit/high_output_reg_9_/CLK pin:adder_64bit/PS_reg_0_/Q {Disabled timing*}
pin:adder_64bit/low_output_reg_0_/CLK pin:adder_64bit/PS_reg_1_/Q {Disabled timing*}
pin:adder_64bit/low_output_reg_10_/CLK pin:adder_64bit/PS_reg_1_/Q {Disabled timing*}
pin:adder_64bit/low_output_reg_11_/CLK pin:adder_64bit/PS_reg_1_/Q {Disabled timing*}
pin:adder_64bit/low_output_reg_12_/CLK pin:adder_64bit/PS_reg_1_/Q {Disabled timing*}
pin:adder_64bit/low_output_reg_13_/CLK pin:adder_64bit/PS_reg_1_/Q {Disabled timing*}
pin:adder_64bit/low_output_reg_14_/CLK pin:adder_64bit/PS_reg_1_/Q {Disabled timing*}
pin:adder_64bit/low_output_reg_15_/CLK pin:adder_64bit/PS_reg_1_/Q {Disabled timing*}
pin:adder_64bit/low_output_reg_16_/CLK pin:adder_64bit/PS_reg_1_/Q {Disabled timing*}
pin:adder_64bit/low_output_reg_17_/CLK pin:adder_64bit/PS_reg_1_/Q {Disabled timing*}
pin:adder_64bit/low_output_reg_18_/CLK pin:adder_64bit/PS_reg_1_/Q {Disabled timing*}
pin:adder_64bit/low_output_reg_19_/CLK pin:adder_64bit/PS_reg_1_/Q {Disabled timing*}
pin:adder_64bit/low_output_reg_1_/CLK pin:adder_64bit/PS_reg_1_/Q {Disabled timing*}
pin:adder_64bit/low_output_reg_20_/CLK pin:adder_64bit/PS_reg_1_/Q {Disabled timing*}
pin:adder_64bit/low_output_reg_21_/CLK pin:adder_64bit/PS_reg_1_/Q {Disabled timing*}
pin:adder_64bit/low_output_reg_22_/CLK pin:adder_64bit/PS_reg_1_/Q {Disabled timing*}
pin:adder_64bit/low_output_reg_23_/CLK pin:adder_64bit/PS_reg_1_/Q {Disabled timing*}
pin:adder_64bit/low_output_reg_24_/CLK pin:adder_64bit/PS_reg_1_/Q {Disabled timing*}
pin:adder_64bit/low_output_reg_25_/CLK pin:adder_64bit/PS_reg_1_/Q {Disabled timing*}
pin:adder_64bit/low_output_reg_26_/CLK pin:adder_64bit/PS_reg_1_/Q {Disabled timing*}
pin:adder_64bit/low_output_reg_27_/CLK pin:adder_64bit/PS_reg_1_/Q {Disabled timing*}
pin:adder_64bit/low_output_reg_28_/CLK pin:adder_64bit/PS_reg_1_/Q {Disabled timing*}
pin:adder_64bit/low_output_reg_29_/CLK pin:adder_64bit/PS_reg_1_/Q {Disabled timing*}
pin:adder_64bit/low_output_reg_2_/CLK pin:adder_64bit/PS_reg_1_/Q {Disabled timing*}
pin:adder_64bit/low_output_reg_30_/CLK pin:adder_64bit/PS_reg_1_/Q {Disabled timing*}
pin:adder_64bit/low_output_reg_31_/CLK pin:adder_64bit/PS_reg_1_/Q {Disabled timing*}
pin:adder_64bit/low_output_reg_3_/CLK pin:adder_64bit/PS_reg_1_/Q {Disabled timing*}
pin:adder_64bit/low_output_reg_4_/CLK pin:adder_64bit/PS_reg_1_/Q {Disabled timing*}
pin:adder_64bit/low_output_reg_5_/CLK pin:adder_64bit/PS_reg_1_/Q {Disabled timing*}
pin:adder_64bit/low_output_reg_6_/CLK pin:adder_64bit/PS_reg_1_/Q {Disabled timing*}
pin:adder_64bit/low_output_reg_7_/CLK pin:adder_64bit/PS_reg_1_/Q {Disabled timing*}
pin:adder_64bit/low_output_reg_8_/CLK pin:adder_64bit/PS_reg_1_/Q {Disabled timing*}
pin:adder_64bit/low_output_reg_9_/CLK pin:adder_64bit/PS_reg_1_/Q {Disabled timing*}
pin:adder_64bit/sum_reg_0_/CLK pin:adder_64bit/PS_reg_1_/QN {Disabled timing*}
pin:adder_64bit/sum_reg_10_/CLK pin:adder_64bit/PS_reg_1_/QN {Disabled timing*}
pin:adder_64bit/sum_reg_11_/CLK pin:adder_64bit/PS_reg_1_/QN {Disabled timing*}
pin:adder_64bit/sum_reg_12_/CLK pin:adder_64bit/PS_reg_1_/QN {Disabled timing*}
pin:adder_64bit/sum_reg_13_/CLK pin:adder_64bit/PS_reg_1_/QN {Disabled timing*}
pin:adder_64bit/sum_reg_14_/CLK pin:adder_64bit/PS_reg_1_/QN {Disabled timing*}
pin:adder_64bit/sum_reg_15_/CLK pin:adder_64bit/PS_reg_1_/QN {Disabled timing*}
pin:adder_64bit/sum_reg_16_/CLK pin:adder_64bit/PS_reg_1_/QN {Disabled timing*}
pin:adder_64bit/sum_reg_17_/CLK pin:adder_64bit/PS_reg_1_/QN {Disabled timing*}
pin:adder_64bit/sum_reg_18_/CLK pin:adder_64bit/PS_reg_1_/QN {Disabled timing*}
pin:adder_64bit/sum_reg_19_/CLK pin:adder_64bit/PS_reg_1_/QN {Disabled timing*}
pin:adder_64bit/sum_reg_1_/CLK pin:adder_64bit/PS_reg_1_/QN {Disabled timing*}
pin:adder_64bit/sum_reg_20_/CLK pin:adder_64bit/PS_reg_1_/QN {Disabled timing*}
pin:adder_64bit/sum_reg_21_/CLK pin:adder_64bit/PS_reg_1_/QN {Disabled timing*}
pin:adder_64bit/sum_reg_22_/CLK pin:adder_64bit/PS_reg_1_/QN {Disabled timing*}
pin:adder_64bit/sum_reg_23_/CLK pin:adder_64bit/PS_reg_1_/QN {Disabled timing*}
pin:adder_64bit/sum_reg_24_/CLK pin:adder_64bit/PS_reg_1_/QN {Disabled timing*}
pin:adder_64bit/sum_reg_25_/CLK pin:adder_64bit/PS_reg_1_/QN {Disabled timing*}
pin:adder_64bit/sum_reg_26_/CLK pin:adder_64bit/PS_reg_1_/QN {Disabled timing*}
pin:adder_64bit/sum_reg_27_/CLK pin:adder_64bit/PS_reg_1_/QN {Disabled timing*}
pin:adder_64bit/sum_reg_28_/CLK pin:adder_64bit/PS_reg_1_/QN {Disabled timing*}
pin:adder_64bit/sum_reg_29_/CLK pin:adder_64bit/PS_reg_1_/QN {Disabled timing*}
pin:adder_64bit/sum_reg_2_/CLK pin:adder_64bit/PS_reg_1_/QN {Disabled timing*}
pin:adder_64bit/sum_reg_30_/CLK pin:adder_64bit/PS_reg_1_/QN {Disabled timing*}
pin:adder_64bit/sum_reg_31_/CLK pin:adder_64bit/PS_reg_1_/QN {Disabled timing*}
pin:adder_64bit/sum_reg_32_/CLK pin:adder_64bit/PS_reg_1_/QN {Disabled timing*}
pin:adder_64bit/sum_reg_33_/CLK pin:adder_64bit/PS_reg_1_/QN {Disabled timing*}
pin:adder_64bit/sum_reg_34_/CLK pin:adder_64bit/PS_reg_1_/QN {Disabled timing*}
pin:adder_64bit/sum_reg_35_/CLK pin:adder_64bit/PS_reg_1_/QN {Disabled timing*}
pin:adder_64bit/sum_reg_36_/CLK pin:adder_64bit/PS_reg_1_/QN {Disabled timing*}
pin:adder_64bit/sum_reg_37_/CLK pin:adder_64bit/PS_reg_1_/QN {Disabled timing*}
pin:adder_64bit/sum_reg_38_/CLK pin:adder_64bit/PS_reg_1_/QN {Disabled timing*}
pin:adder_64bit/sum_reg_39_/CLK pin:adder_64bit/PS_reg_1_/QN {Disabled timing*}
pin:adder_64bit/sum_reg_3_/CLK pin:adder_64bit/PS_reg_1_/QN {Disabled timing*}
pin:adder_64bit/sum_reg_40_/CLK pin:adder_64bit/PS_reg_1_/QN {Disabled timing*}
pin:adder_64bit/sum_reg_41_/CLK pin:adder_64bit/PS_reg_1_/QN {Disabled timing*}
pin:adder_64bit/sum_reg_42_/CLK pin:adder_64bit/PS_reg_1_/QN {Disabled timing*}
pin:adder_64bit/sum_reg_43_/CLK pin:adder_64bit/PS_reg_1_/QN {Disabled timing*}
pin:adder_64bit/sum_reg_44_/CLK pin:adder_64bit/PS_reg_1_/QN {Disabled timing*}
pin:adder_64bit/sum_reg_45_/CLK pin:adder_64bit/PS_reg_1_/QN {Disabled timing*}
pin:adder_64bit/sum_reg_46_/CLK pin:adder_64bit/PS_reg_1_/QN {Disabled timing*}
pin:adder_64bit/sum_reg_47_/CLK pin:adder_64bit/PS_reg_1_/QN {Disabled timing*}
pin:adder_64bit/sum_reg_48_/CLK pin:adder_64bit/PS_reg_1_/QN {Disabled timing*}
pin:adder_64bit/sum_reg_49_/CLK pin:adder_64bit/PS_reg_1_/QN {Disabled timing*}
pin:adder_64bit/sum_reg_4_/CLK pin:adder_64bit/PS_reg_1_/QN {Disabled timing*}
pin:adder_64bit/sum_reg_50_/CLK pin:adder_64bit/PS_reg_1_/QN {Disabled timing*}
pin:adder_64bit/sum_reg_51_/CLK pin:adder_64bit/PS_reg_1_/QN {Disabled timing*}
pin:adder_64bit/sum_reg_52_/CLK pin:adder_64bit/PS_reg_1_/QN {Disabled timing*}
pin:adder_64bit/sum_reg_53_/CLK pin:adder_64bit/PS_reg_1_/QN {Disabled timing*}
pin:adder_64bit/sum_reg_54_/CLK pin:adder_64bit/PS_reg_1_/QN {Disabled timing*}
pin:adder_64bit/sum_reg_55_/CLK pin:adder_64bit/PS_reg_1_/QN {Disabled timing*}
pin:adder_64bit/sum_reg_56_/CLK pin:adder_64bit/PS_reg_1_/QN {Disabled timing*}
pin:adder_64bit/sum_reg_57_/CLK pin:adder_64bit/PS_reg_1_/QN {Disabled timing*}
pin:adder_64bit/sum_reg_58_/CLK pin:adder_64bit/PS_reg_1_/QN {Disabled timing*}
pin:adder_64bit/sum_reg_59_/CLK pin:adder_64bit/PS_reg_1_/QN {Disabled timing*}
pin:adder_64bit/sum_reg_5_/CLK pin:adder_64bit/PS_reg_1_/QN {Disabled timing*}
pin:adder_64bit/sum_reg_60_/CLK pin:adder_64bit/PS_reg_1_/QN {Disabled timing*}
pin:adder_64bit/sum_reg_61_/CLK pin:adder_64bit/PS_reg_1_/QN {Disabled timing*}
pin:adder_64bit/sum_reg_62_/CLK pin:adder_64bit/PS_reg_1_/QN {Disabled timing*}
pin:adder_64bit/sum_reg_63_/CLK pin:adder_64bit/PS_reg_1_/QN {Disabled timing*}
pin:adder_64bit/sum_reg_6_/CLK pin:adder_64bit/PS_reg_1_/QN {Disabled timing*}
pin:adder_64bit/sum_reg_7_/CLK pin:adder_64bit/PS_reg_1_/QN {Disabled timing*}
pin:adder_64bit/sum_reg_8_/CLK pin:adder_64bit/PS_reg_1_/QN {Disabled timing*}
pin:adder_64bit/sum_reg_9_/CLK pin:adder_64bit/PS_reg_1_/QN {Disabled timing*}
pin:adder_64bit/temp_c_reg/CLK pin:adder_64bit/PS_reg_1_/QN {Disabled timing*}
pin:adder_64bit/temp_cin_reg/CLK pin:adder_64bit/PS_reg_1_/Q {Disabled timing*}
-------------------------------------------------------------------------------

-------------------------------------------------------------------------------
Timing exceptions with no effect

The following timing exceptions are not currently affecting timing in the       
design.  Either no paths in the design satisfy the exception's path             
specification, or all paths that satisfy the path specification also satisfy an 
exception with a higher priority.  You can improve runtime and memory usage by  
removing these exceptions if they are not truly needed.  To see if there is a   
path in the design that satisfies the path specification for an exception, or   
to see what other exception is overriding an exception because of priority, use 
the command:                                                                    
  report timing -paths [eval [::legacy::get_attribute paths <exception>]]

exception:adder_64bit/CLK
exception:adder_64bit/grp_1
exception:adder_64bit/grp_2
-------------------------------------------------------------------------------


Lint summary
 Unconnected/logic driven clocks                                  0
 Sequential data pins driven by a clock signal                    0
 Sequential clock pins without clock waveform                   197
 Sequential clock pins with multiple clock waveforms              0
 Generated clocks without clock waveform                          0
 Generated clocks with incompatible options                       0
 Generated clocks with multi-master clock                         0
 Paths constrained with different clocks                          0
 Loop-breaking cells for combinational feedback                   0
 Nets with multiple drivers                                       0
 Timing exceptions with no effect                                 3
 Suspicious multi_cycle exceptions                                0
 Pins/ports with conflicting case constants                       0
 Inputs without clocked external delays                           0
 Outputs without clocked external delays                          0
 Inputs without external driver/transition                        0
 Outputs without external load                                    0
 Exceptions with invalid timing start-/endpoints                  0

                                                  Total:        200

