Cadence Genus(TM) Synthesis Solution.
Copyright 2024 Cadence Design Systems, Inc. All rights reserved worldwide.
Cadence and the Cadence logo are registered trademarks and Genus is a trademark
of Cadence Design Systems, Inc. in the United States and other countries.

[20:16:17.350090] Configured Lic search path (23.02-s003): 5280@cadence-lic.cecs.pdx.edu:27000@synopsys-lic.cat.pdx.edu

Version: 23.10-p004_1, built Thu Feb 01 13:43:46 PST 2024
Options: 
Date:    Mon Feb 24 20:16:17 2025
Host:    auto.ece.pdx.edu (x86_64 w/Linux 3.10.0-1160.119.1.el7.x86_64) (1core*32cpus*32physical cpus*Intel Xeon Processor (Cascadelake) 16384KB) (125666820KB)
PID:     8844
OS:      CentOS Linux release 7.9.2009 (Core)

Checking out license: Genus_Synthesis
[20:16:17.020833] Periodic Lic check successful
[20:16:17.545161] Feature usage summary:
[20:16:17.545163] Genus_Synthesis



***********************************************************************************************************
***********************************************************************************************************



Finished executable startup (2 seconds elapsed).

Loading tool scripts...
Finished loading tool scripts (21 seconds elapsed).

WARNING: This version of the tool is 389 days old.
@genus:root: 1> set top_design mixColumns_InvmixColumns
mixColumns_InvmixColumns
@genus:root: 2> source ../scripts/genus-mix.tcl
Sourcing '../scripts/genus-mix.tcl' (Mon Feb 24 20:22:01 PST 2025)...
#@ Begin verbose source ../scripts/genus-mix.tcl
@file(genus-mix.tcl) 2: set lib_dir /pkgs/synopsys/2020/32_28nm/SAED32_EDK
@file(genus-mix.tcl) 3: set top_design adder_64bit
@file(genus-mix.tcl) 4: set rtl_list [list ../rtl/$top_design.sv ]
@file(genus-mix.tcl) 5: set slow_corner "ss0p95v125c"
@file(genus-mix.tcl) 6: set lib_types "stdcell_rvt"
@file(genus-mix.tcl) 7: set sub_lib_type "saed32rvt_"
@file(genus-mix.tcl) 10: set search_path "$lib_dir/lib/$lib_types/db_nldm ."
@file(genus-mix.tcl) 11: set link_library "${sub_lib_type}${slow_corner}.lib "
@file(genus-mix.tcl) 13: set_db init_lib_search_path $search_path
  Setting attribute of root '/': 'init_lib_search_path' = /pkgs/synopsys/2020/32_28nm/SAED32_EDK/lib/stdcell_rvt/db_nldm .
@file(genus-mix.tcl) 15: set_db library $link_library
Warning : Missing clock pin in the sequential cell. [LBR-525]
        : Clock pin absent in sequential cell(s) 'LNANDX1_RVT' (File /pkgs/synopsys/2020/32_28nm/SAED32_EDK/lib/stdcell_rvt/db_nldm/saed32rvt_ss0p95v125c.lib, Line 75612)
        : Sequential timing checks, such as 'setup_rising' or 'hold_rising', on flop and latch cells require a clock pin. Verify that the 'clock' attribute of the clock pin is set to 'true' or that the clock pin has a 'clocked_on' attribute.
Warning : Missing clock pin in the sequential cell. [LBR-525]
        : Clock pin absent in sequential cell(s) 'LNANDX2_RVT' (File /pkgs/synopsys/2020/32_28nm/SAED32_EDK/lib/stdcell_rvt/db_nldm/saed32rvt_ss0p95v125c.lib, Line 75949)
Warning : An attribute is used before it is defined. [LBR-511]
        : The library level attribute default_operating_conditions on line 226626 is defined after at least one cell definition. The attribute will be ignored. (File /pkgs/synopsys/2020/32_28nm/SAED32_EDK/lib/stdcell_rvt/db_nldm/saed32rvt_ss0p95v125c.lib)
Warning : An attribute is used before it is defined. [LBR-511]
        : The library level attribute default_wire_load on line 226627 is defined after at least one cell definition. The attribute will be ignored. (File /pkgs/synopsys/2020/32_28nm/SAED32_EDK/lib/stdcell_rvt/db_nldm/saed32rvt_ss0p95v125c.lib)
Warning : An attribute is used before it is defined. [LBR-511]
        : The library level attribute default_wire_load_selection on line 226628 is defined after at least one cell definition. The attribute will be ignored. (File /pkgs/synopsys/2020/32_28nm/SAED32_EDK/lib/stdcell_rvt/db_nldm/saed32rvt_ss0p95v125c.lib)

  Message Summary for Library saed32rvt_ss0p95v125c.lib:
  ******************************************************
  Missing clock pin in the sequential cell. [LBR-525]: 2
  Missing a function attribute in the output pin definition. [LBR-518]: 64
  An attribute is used before it is defined. [LBR-511]: 3
  An unsupported construct was detected in this library. [LBR-40]: 17
  ******************************************************
 
Info    : Created nominal operating condition. [LBR-412]
        : Operating condition '_nominal_' was created for the PVT values (0.990000, 0.950000, 125.000000) in library 'saed32rvt_ss0p95v125c.lib'.
        : The nominal operating condition is represented, either by the nominal PVT values specified in the library source (via nom_process,nom_voltage and nom_temperature respectively), or by the default PVT values (1.0,1.0,1.0).
Warning : Library cell has no output pins defined. [LBR-9]
        : Library cell 'ANTENNA_RVT' must have an output pin.
        : Add the missing output pin(s), then reload the library. Else the library cell will be marked as timing model i.e. unusable. Timing_model means that the cell does not have any defined function. If there is no output pin, Genus will mark library cell as unusable i.e. the attribute 'usable' will be marked to 'false' on the libcell. Therefore, the cell is not used for mapping and it will not be picked up from the library for synthesis. If you query the attribute 'unusable_reason' on the libcell; result will be: 'Library cell has no output pins.'Note: The message LBR-9 is only for the logical pins and not for the power_ground pins. Genus will depend upon the output function defined in the pin group (output pin) of the cell, to use it for mapping. The pg_pin will not have any function defined.
Warning : Library cell has no output pins defined. [LBR-9]
        : Library cell 'ANTENNA_RVT' must have an output pin.
Warning : Library cell has no output pins defined. [LBR-9]
        : Library cell 'BUSKP_RVT' must have an output pin.
Warning : Library cell has no output pins defined. [LBR-9]
        : Library cell 'BUSKP_RVT' must have an output pin.
Warning : Library cell has no output pins defined. [LBR-9]
        : Library cell 'CLOAD1_RVT' must have an output pin.
Warning : Library cell has no output pins defined. [LBR-9]
        : Library cell 'CLOAD1_RVT' must have an output pin.
Warning : Library cell has no output pins defined. [LBR-9]
        : Library cell 'DCAP_RVT' must have an output pin.
Warning : Library cell has no output pins defined. [LBR-9]
        : Library cell 'DCAP_RVT' must have an output pin.
Warning : Library cell has no output pins defined. [LBR-9]
        : Library cell 'DHFILLH2_RVT' must have an output pin.
Warning : Library cell has no output pins defined. [LBR-9]
        : Library cell 'DHFILLH2_RVT' must have an output pin.
Warning : Library cell has no output pins defined. [LBR-9]
        : Library cell 'DHFILLHL2_RVT' must have an output pin.
Warning : Library cell has no output pins defined. [LBR-9]
        : Library cell 'DHFILLHL2_RVT' must have an output pin.
Warning : Library cell has no output pins defined. [LBR-9]
        : Library cell 'DHFILLHLHLS11_RVT' must have an output pin.
Warning : Library cell has no output pins defined. [LBR-9]
        : Library cell 'DHFILLHLHLS11_RVT' must have an output pin.
Warning : Malformed test_cell. [LBR-64]
        : Unusable test_cell in 'RSDFFNSRARX1_RVT'.  Ignoring the test_cell.
        : Review the definition of the test_cell's function or its parent library-cell's function.  An inconsistency between the two may exist.
Warning : Malformed test_cell. [LBR-64]
        : Unusable test_cell in 'RSDFFNSRARX2_RVT'.  Ignoring the test_cell.
Warning : Malformed test_cell. [LBR-64]
        : Unusable test_cell in 'RSDFFNSRASX1_RVT'.  Ignoring the test_cell.
Warning : Malformed test_cell. [LBR-64]
        : Unusable test_cell in 'RSDFFNSRASX2_RVT'.  Ignoring the test_cell.
Warning : Malformed test_cell. [LBR-64]
        : Unusable test_cell in 'RSDFFNSRX1_RVT'.  Ignoring the test_cell.
Warning : Malformed test_cell. [LBR-64]
        : Unusable test_cell in 'RSDFFNSRX2_RVT'.  Ignoring the test_cell.
Warning : Malformed test_cell. [LBR-64]
        : Unusable test_cell in 'RSDFFSRARX1_RVT'.  Ignoring the test_cell.
Warning : Malformed test_cell. [LBR-64]
        : Unusable test_cell in 'RSDFFSRARX2_RVT'.  Ignoring the test_cell.
Warning : Malformed test_cell. [LBR-64]
        : Unusable test_cell in 'RSDFFSRASX1_RVT'.  Ignoring the test_cell.
Warning : Malformed test_cell. [LBR-64]
        : Unusable test_cell in 'RSDFFSRASX2_RVT'.  Ignoring the test_cell.
Warning : Malformed test_cell. [LBR-64]
        : Unusable test_cell in 'RSDFFSRSSRX1_RVT'.  Ignoring the test_cell.
Warning : Malformed test_cell. [LBR-64]
        : Unusable test_cell in 'RSDFFSRSSRX2_RVT'.  Ignoring the test_cell.
Warning : Malformed test_cell. [LBR-64]
        : Unusable test_cell in 'RSDFFSRX1_RVT'.  Ignoring the test_cell.
Warning : Malformed test_cell. [LBR-64]
        : Unusable test_cell in 'RSDFFSRX2_RVT'.  Ignoring the test_cell.
Warning : Malformed test_cell. [LBR-64]
        : Unusable test_cell in 'SDFFSSRX1_RVT'.  Ignoring the test_cell.
Warning : Malformed test_cell. [LBR-64]
        : Unusable test_cell in 'SDFFSSRX2_RVT'.  Ignoring the test_cell.
Warning : Library cell has no output pins defined. [LBR-9]
        : Library cell 'SHFILL128_RVT' must have an output pin.
Warning : Library cell has no output pins defined. [LBR-9]
        : Library cell 'SHFILL128_RVT' must have an output pin.
Warning : Library cell has no output pins defined. [LBR-9]
        : Library cell 'SHFILL1_RVT' must have an output pin.
Warning : Library cell has no output pins defined. [LBR-9]
        : Library cell 'SHFILL1_RVT' must have an output pin.
Warning : Library cell has no output pins defined. [LBR-9]
        : Library cell 'SHFILL2_RVT' must have an output pin.
Warning : Library cell has no output pins defined. [LBR-9]
        : Library cell 'SHFILL2_RVT' must have an output pin.
Warning : Maximum message print count reached. [MESG-11]
        : Maximum print count of '20' reached for message 'LBR-9'.
  Setting attribute of root '/': 'library' = saed32rvt_ss0p95v125c.lib 
@file(genus-mix.tcl) 18: read_hdl -language sv ../rtl/${top_design}.sv
Warning : Cannot open file. [VLOGPT-650]
        : File '../rtl/adder_64bit.sv'.
        : The specified file could not be opened.  Check the value of the init_hdl_search_path attribute.
@file(genus-mix.tcl) 21: elaborate $top_design
Warning : Missing an incoming setup timing arc for next_state library pin. [LBR-34]
        : Library pin 'RDFFNX1_RVT/D' has no incoming setup arc.
        : Pin used in a next_state function must have an incoming setup timing arc. Otherwise, the library cell will be treated as a timing model.
Warning : Missing an incoming setup timing arc for next_state library pin. [LBR-34]
        : Library pin 'RDFFNX2_RVT/D' has no incoming setup arc.
Warning : Missing an incoming setup timing arc for next_state library pin. [LBR-34]
        : Library pin 'RDFFX1_RVT/D' has no incoming setup arc.
Warning : Missing an incoming setup timing arc for next_state library pin. [LBR-34]
        : Library pin 'RDFFX2_RVT/D' has no incoming setup arc.
Warning : Missing an incoming setup timing arc for next_state library pin. [LBR-34]
        : Library pin 'RSDFFNSRX1_RVT/D' has no incoming setup arc.
Warning : Missing an incoming setup timing arc for next_state library pin. [LBR-34]
        : Library pin 'RSDFFNSRX1_RVT/SE' has no incoming setup arc.
Warning : Missing an incoming setup timing arc for next_state library pin. [LBR-34]
        : Library pin 'RSDFFNSRX1_RVT/SI' has no incoming setup arc.
Warning : Missing an incoming setup timing arc for next_state library pin. [LBR-34]
        : Library pin 'RSDFFNSRX2_RVT/D' has no incoming setup arc.
Warning : Missing an incoming setup timing arc for next_state library pin. [LBR-34]
        : Library pin 'RSDFFNSRX2_RVT/SE' has no incoming setup arc.
Warning : Missing an incoming setup timing arc for next_state library pin. [LBR-34]
        : Library pin 'RSDFFNSRX2_RVT/SI' has no incoming setup arc.
  Library has 130 usable logic and 108 usable sequential lib-cells.
Error   : Could not find an HDL design. [CDFG-210] [elaborate]
        : The design is 'adder_64bit'.
        : This error may happen if you read a set of files, and you try to elaborate a design which description is not part of the files read. To fix this, check the name of the design you want to elaborate, or check if you have read all the expected RTL files.
UM:   flow.cputime  flow.realtime  timing.setup.tns  timing.setup.wns  snapshot
UM:*                                                                   elaborate
#@ End verbose source ../scripts/genus-mix.tcl
1
@genus:root: 3> check_timing
Error   : No designs are available. A design must first be read in and elaborated. [TUI-10] [check_timing_intent]
        : No elaborated designs in memory
        : A design must first be read in with 'read_hdl' command and elaborated with 'elaborate' command.
Nothing to report
1
@genus:root: 4> set top_design mixColumns_InvmixColumns
mixColumns_InvmixColumns
@genus:root: 5> source ../scripts/genus-mix.tcl
Sourcing '../scripts/genus-mix.tcl' (Mon Feb 24 20:24:16 PST 2025)...
#@ Begin verbose source ../scripts/genus-mix.tcl
@file(genus-mix.tcl) 2: set lib_dir /pkgs/synopsys/2020/32_28nm/SAED32_EDK
@file(genus-mix.tcl) 3: set top_design mixColumns_InvmixColumns
@file(genus-mix.tcl) 4: set rtl_list [list ../rtl/$top_design.sv ]
@file(genus-mix.tcl) 5: set slow_corner "ss0p95v125c"
@file(genus-mix.tcl) 6: set lib_types "stdcell_rvt"
@file(genus-mix.tcl) 7: set sub_lib_type "saed32rvt_"
@file(genus-mix.tcl) 10: set search_path "$lib_dir/lib/$lib_types/db_nldm ."
@file(genus-mix.tcl) 11: set link_library "${sub_lib_type}${slow_corner}.lib "
@file(genus-mix.tcl) 13: set_db init_lib_search_path $search_path
Warning : Cannot modify library search path after reading library(s). [TUI-83]
        : Cannot modify 'init_lib_search_path' attribute to '/pkgs/synopsys/2020/32_28nm/SAED32_EDK/lib/stdcell_rvt/db_nldm .'
        : You must set the 'init_lib_search_path' attribute before you set the 'library' attribute.
  Setting attribute of root '/': 'init_lib_search_path' = /pkgs/synopsys/2020/32_28nm/SAED32_EDK/lib/stdcell_rvt/db_nldm .
@file(genus-mix.tcl) 15: set_db library $link_library
Freeing libraries in memory (saed32rvt_ss0p95v125c.lib )

Info    : Created nominal operating condition. [LBR-412]
        : Operating condition '_nominal_' was created for the PVT values (0.990000, 0.950000, 125.000000) in library 'saed32rvt_ss0p95v125c.lib'.
Warning : Library cell has no output pins defined. [LBR-9]
        : Library cell 'ANTENNA_RVT' must have an output pin.
Warning : Library cell has no output pins defined. [LBR-9]
        : Library cell 'ANTENNA_RVT' must have an output pin.
Warning : Library cell has no output pins defined. [LBR-9]
        : Library cell 'BUSKP_RVT' must have an output pin.
Warning : Library cell has no output pins defined. [LBR-9]
        : Library cell 'BUSKP_RVT' must have an output pin.
Warning : Library cell has no output pins defined. [LBR-9]
        : Library cell 'CLOAD1_RVT' must have an output pin.
Warning : Library cell has no output pins defined. [LBR-9]
        : Library cell 'CLOAD1_RVT' must have an output pin.
Warning : Library cell has no output pins defined. [LBR-9]
        : Library cell 'DCAP_RVT' must have an output pin.
Warning : Library cell has no output pins defined. [LBR-9]
        : Library cell 'DCAP_RVT' must have an output pin.
Warning : Library cell has no output pins defined. [LBR-9]
        : Library cell 'DHFILLH2_RVT' must have an output pin.
Warning : Library cell has no output pins defined. [LBR-9]
        : Library cell 'DHFILLH2_RVT' must have an output pin.
Warning : Library cell has no output pins defined. [LBR-9]
        : Library cell 'DHFILLHL2_RVT' must have an output pin.
Warning : Library cell has no output pins defined. [LBR-9]
        : Library cell 'DHFILLHL2_RVT' must have an output pin.
Warning : Library cell has no output pins defined. [LBR-9]
        : Library cell 'DHFILLHLHLS11_RVT' must have an output pin.
Warning : Library cell has no output pins defined. [LBR-9]
        : Library cell 'DHFILLHLHLS11_RVT' must have an output pin.
Warning : Malformed test_cell. [LBR-64]
        : Unusable test_cell in 'RSDFFNSRARX1_RVT'.  Ignoring the test_cell.
Warning : Malformed test_cell. [LBR-64]
        : Unusable test_cell in 'RSDFFNSRARX2_RVT'.  Ignoring the test_cell.
Warning : Malformed test_cell. [LBR-64]
        : Unusable test_cell in 'RSDFFNSRASX1_RVT'.  Ignoring the test_cell.
Warning : Malformed test_cell. [LBR-64]
        : Unusable test_cell in 'RSDFFNSRASX2_RVT'.  Ignoring the test_cell.
Warning : Malformed test_cell. [LBR-64]
        : Unusable test_cell in 'RSDFFNSRX1_RVT'.  Ignoring the test_cell.
Warning : Malformed test_cell. [LBR-64]
        : Unusable test_cell in 'RSDFFNSRX2_RVT'.  Ignoring the test_cell.
Warning : Malformed test_cell. [LBR-64]
        : Unusable test_cell in 'RSDFFSRARX1_RVT'.  Ignoring the test_cell.
Warning : Malformed test_cell. [LBR-64]
        : Unusable test_cell in 'RSDFFSRARX2_RVT'.  Ignoring the test_cell.
Warning : Malformed test_cell. [LBR-64]
        : Unusable test_cell in 'RSDFFSRASX1_RVT'.  Ignoring the test_cell.
Warning : Malformed test_cell. [LBR-64]
        : Unusable test_cell in 'RSDFFSRASX2_RVT'.  Ignoring the test_cell.
Warning : Malformed test_cell. [LBR-64]
        : Unusable test_cell in 'RSDFFSRSSRX1_RVT'.  Ignoring the test_cell.
Warning : Malformed test_cell. [LBR-64]
        : Unusable test_cell in 'RSDFFSRSSRX2_RVT'.  Ignoring the test_cell.
Warning : Malformed test_cell. [LBR-64]
        : Unusable test_cell in 'RSDFFSRX1_RVT'.  Ignoring the test_cell.
Warning : Malformed test_cell. [LBR-64]
        : Unusable test_cell in 'RSDFFSRX2_RVT'.  Ignoring the test_cell.
Warning : Malformed test_cell. [LBR-64]
        : Unusable test_cell in 'SDFFSSRX1_RVT'.  Ignoring the test_cell.
Warning : Malformed test_cell. [LBR-64]
        : Unusable test_cell in 'SDFFSSRX2_RVT'.  Ignoring the test_cell.
Warning : Library cell has no output pins defined. [LBR-9]
        : Library cell 'SHFILL128_RVT' must have an output pin.
Warning : Library cell has no output pins defined. [LBR-9]
        : Library cell 'SHFILL128_RVT' must have an output pin.
Warning : Library cell has no output pins defined. [LBR-9]
        : Library cell 'SHFILL1_RVT' must have an output pin.
Warning : Library cell has no output pins defined. [LBR-9]
        : Library cell 'SHFILL1_RVT' must have an output pin.
Warning : Library cell has no output pins defined. [LBR-9]
        : Library cell 'SHFILL2_RVT' must have an output pin.
Warning : Library cell has no output pins defined. [LBR-9]
        : Library cell 'SHFILL2_RVT' must have an output pin.
  Setting attribute of root '/': 'library' = saed32rvt_ss0p95v125c.lib 
@file(genus-mix.tcl) 18: read_hdl -language sv ../rtl/${top_design}.sv
@file(genus-mix.tcl) 21: elaborate $top_design
Warning : Missing an incoming setup timing arc for next_state library pin. [LBR-34]
        : Library pin 'RDFFNX1_RVT/D' has no incoming setup arc.
Warning : Missing an incoming setup timing arc for next_state library pin. [LBR-34]
        : Library pin 'RDFFNX2_RVT/D' has no incoming setup arc.
Warning : Missing an incoming setup timing arc for next_state library pin. [LBR-34]
        : Library pin 'RDFFX1_RVT/D' has no incoming setup arc.
Warning : Missing an incoming setup timing arc for next_state library pin. [LBR-34]
        : Library pin 'RDFFX2_RVT/D' has no incoming setup arc.
Warning : Missing an incoming setup timing arc for next_state library pin. [LBR-34]
        : Library pin 'RSDFFNSRX1_RVT/D' has no incoming setup arc.
Warning : Missing an incoming setup timing arc for next_state library pin. [LBR-34]
        : Library pin 'RSDFFNSRX1_RVT/SE' has no incoming setup arc.
Warning : Missing an incoming setup timing arc for next_state library pin. [LBR-34]
        : Library pin 'RSDFFNSRX1_RVT/SI' has no incoming setup arc.
Warning : Missing an incoming setup timing arc for next_state library pin. [LBR-34]
        : Library pin 'RSDFFNSRX2_RVT/D' has no incoming setup arc.
Warning : Missing an incoming setup timing arc for next_state library pin. [LBR-34]
        : Library pin 'RSDFFNSRX2_RVT/SE' has no incoming setup arc.
Warning : Missing an incoming setup timing arc for next_state library pin. [LBR-34]
        : Library pin 'RSDFFNSRX2_RVT/SI' has no incoming setup arc.
  Library has 130 usable logic and 108 usable sequential lib-cells.
Info    : Elaborating Design. [ELAB-1]
        : Elaborating top-level block 'mixColumns_InvmixColumns' from file '../rtl/mixColumns_InvmixColumns.sv'.
Info    : Done Elaborating Design. [ELAB-3]
        : Done elaborating 'mixColumns_InvmixColumns'.
Checking for analog nets...
Check completed for analog nets.
Checking for source RTL...
Check completed for source RTL.
Running Unified Mux Engine Tricks...
Completed Unified Mux Engine Tricks

Stage: post_elab
-------------------------------------------------------
| Trick             | Accepts | Rejects | Runtime (s) | 
-------------------------------------------------------
| ume_constant_bmux |       0 |       0 |        0.00 | 
| ume_merge         |       0 |       0 |        0.00 | 
| ume_ssm           |       0 |       0 |        0.00 | 
| ume_cse           |       1 |       0 |        0.00 | 
| ume_shrink        |       0 |       0 |        0.00 | 
| ume_sweep         |       0 |       0 |        0.00 | 
| ume_constant_bmux |       0 |       0 |        0.00 | 
| ume_merge         |       0 |       0 |        0.00 | 
| ume_ssm           |       0 |       0 |        0.00 | 
| ume_cse           |       0 |       0 |        0.00 | 
| ume_shrink        |       0 |       0 |        0.00 | 
| ume_sweep         |       0 |       0 |        0.00 | 
-------------------------------------------------------
Starting optimize datapath shifters [v1.0] (stage: post_elab, startdef: mixColumns_InvmixColumns, recur: true)
Completed optimize datapath shifters (accepts: 0, rejects: 0, runtime: 0.000s)
Starting clip mux common data inputs [v1.0] (stage: post_elab, startdef: mixColumns_InvmixColumns, recur: true)
Completed clip mux common data inputs (accepts: 0, rejects: 0, runtime: 0.001s)
Starting clip the non-user hierarchies [v2.0] (stage: post_elab, startdef: mixColumns_InvmixColumns, recur: true)
Completed clip the non-user hierarchies (accepts: 0, rejects: 0, runtime: 0.000s)
Starting basic netlist cleanup [v1.0] (stage: post_elab, startdef: mixColumns_InvmixColumns, recur: true)
Completed basic netlist cleanup (accepts: 0, rejects: 0, runtime: 0.000s)

Stage: post_elab
--------------------------------------------------------------------
| Transform                      | Accepts | Rejects | Runtime (s) | 
--------------------------------------------------------------------
| hlo_optimize_datapath_shifters |       0 |       0 |        0.00 | 
| hlo_clip_mux_input             |       0 |       0 |        0.00 | 
| hlo_clip                       |       0 |       0 |        0.00 | 
| hlo_cleanup                    |       0 |       0 |        0.00 | 
--------------------------------------------------------------------
      flow.cputime  flow.realtime  timing.setup.tns  timing.setup.wns  snapshot
UM:*                                                                   elaborate
@file(genus-mix.tcl) 24: update_names -map { {"." "_" }} -inst -force
Warning : Port names affected by this command do not automatically get updated in written out SV wrapper module. [CHNM-108] [update_names]
        : If user is setting  write_sv_port_wrapper = true then the port names affected by usage of update_names  
      need to be updated manually in the written out SV wrapper module.
        : If user is setting write_sv_port_wrapper = true then the port names affected by this command need to be updated manually in the written out SV wrapper module.
@file(genus-mix.tcl) 25: update_names -map {{"[" "_"} {"]" "_"}} -inst -force
Warning : Port names affected by this command do not automatically get updated in written out SV wrapper module. [CHNM-108] [update_names]
        : If user is setting  write_sv_port_wrapper = true then the port names affected by usage of update_names  
      need to be updated manually in the written out SV wrapper module.
@file(genus-mix.tcl) 26: update_names -map {{"[" "_"} {"]" "_"}} -port_bus
Warning : Port names affected by this command do not automatically get updated in written out SV wrapper module. [CHNM-108] [update_names]
        : If user is setting  write_sv_port_wrapper = true then the port names affected by usage of update_names  
      need to be updated manually in the written out SV wrapper module.
@file(genus-mix.tcl) 27: update_names -map {{"[" "_"} {"]" "_"}} -hport_bus
Warning : Port names affected by this command do not automatically get updated in written out SV wrapper module. [CHNM-108] [update_names]
        : If user is setting  write_sv_port_wrapper = true then the port names affected by usage of update_names  
      need to be updated manually in the written out SV wrapper module.
@file(genus-mix.tcl) 28: update_names -inst -hnet -restricted {[} -convert_string "_"
Warning : Option 'convert_string' is obsolete. [CHNM-107] [update_names]
        : Option 'convert_string' has been replaced by 'replace_str'.
        : The obsolete option still works in this release, but to avoid this warning and to ensure compatibility with future releases, update your script to use new option.
Warning : Port names affected by this command do not automatically get updated in written out SV wrapper module. [CHNM-108] [update_names]
        : If user is setting  write_sv_port_wrapper = true then the port names affected by usage of update_names  
      need to be updated manually in the written out SV wrapper module.
@file(genus-mix.tcl) 29: update_names -inst -hnet -restricted {]} -convert_string "_"
Warning : Option 'convert_string' is obsolete. [CHNM-107] [update_names]
        : Option 'convert_string' has been replaced by 'replace_str'.
Warning : Port names affected by this command do not automatically get updated in written out SV wrapper module. [CHNM-108] [update_names]
        : If user is setting  write_sv_port_wrapper = true then the port names affected by usage of update_names  
      need to be updated manually in the written out SV wrapper module.
@file(genus-mix.tcl) 32: source -echo -verbose ../../constraints/mix.sdc
Sourcing '../../constraints/mix.sdc' (Mon Feb 24 20:24:17 PST 2025)...
#@ Begin verbose source ../../constraints/mix.sdc
@file(mix.sdc) 1: create_clock -name "CLK" -period 0.500 -waveform {0.0 0.250} clk
create_clock -name "CLK" -period 0.500 -waveform {0.0 0.250} clk
Error   : A required object parameter could not be found. [TUI-61] [create_clock]
        : An object of type 'port|pin|hpin' named 'clk' could not be found.
        : Check to make sure that the object exists and is of the correct type.  The 'what_is' command can be used to determine the type of an object.

Usage: create_clock [-add] [-name <string>] [-comment <string>] [-domain <string>] -period <float>
           [-waveform <float>+] [-apply_inverted <port|pin|hpin>+] [<port|pin|hpin>+]

    [-add]:
        should the sources add or overwrite 
    [-name <string>]:
        name of clock 
    [-comment <string>]:
        comment to be tagged with this command 
    [-domain <string>]:
        name of the clock domain for the clock 
    -period <float>:
        clock_period 
    [-waveform <float>+]:
        waveform string 
    [-apply_inverted <port|pin|hpin>+]:
        Sources(port | pin | hpin) that are inverted 
    [<port|pin|hpin>+]:
        Sources(port | pin | hpin) that are not inverted 
#@ End verbose source ../../constraints/mix.sdc
#@ End verbose source ../scripts/genus-mix.tcl
1
@genus:root: 6> check_timing
============================================================
  Generated by:           Genus(TM) Synthesis Solution 23.10-p004_1
  Generated on:           Feb 24 2025  08:24:24 pm
  Module:                 mixColumns_InvmixColumns
  Technology library:     saed32rvt_ss0p95v125c 1.0000000
  Operating conditions:   _nominal_ (balanced_tree)
  Wireload mode:          enclosed
  Area mode:              timing library
============================================================

-------------------------------------------------------------------------------
Inputs without clocked external delays

The following primary inputs have no clocked external delays.  As a result the  
timing paths leading from the ports have no timing constraints derived from     
clock waveforms.  The'external_delay' command is used to create new external    
delays.                                                                         

port:mixColumns_InvmixColumns/A[0]
port:mixColumns_InvmixColumns/A[1]
port:mixColumns_InvmixColumns/A[2]
  ... 30 other warnings in this category.
 Use the -verbose option for more details.
-------------------------------------------------------------------------------

-------------------------------------------------------------------------------
Outputs without clocked external delays

The following primary outputs have no clocked external delays.  As a result the 
timing paths leading to the ports have no timing constraints derived from clock 
waveforms.  The'external_delay' command is used to create new external delays.  

port:mixColumns_InvmixColumns/P[0]
port:mixColumns_InvmixColumns/P[1]
port:mixColumns_InvmixColumns/P[2]
  ... 29 other warnings in this category.
 Use the -verbose option for more details.
-------------------------------------------------------------------------------

-------------------------------------------------------------------------------
Inputs without external driver/transition

The following primary inputs have no external driver or input transition set.   
As a result the transition on the ports will be assumed as zero. The            
'external_driver' attribute is used to add and external driver or the           
'fixed_slew' attribute to add an external transition.                           

port:mixColumns_InvmixColumns/A[0]
port:mixColumns_InvmixColumns/A[1]
port:mixColumns_InvmixColumns/A[2]
  ... 30 other warnings in this category.
 Use the -verbose option for more details.
-------------------------------------------------------------------------------

-------------------------------------------------------------------------------
Outputs without external load

The following primary outputs have no external load set. As a result the load   
on the ports will be assumed as zero. The 'external_pin_cap' attribute is used  
to add and external pin cap.                                                    

port:mixColumns_InvmixColumns/P[0]
port:mixColumns_InvmixColumns/P[1]
port:mixColumns_InvmixColumns/P[2]
  ... 29 other warnings in this category.
 Use the -verbose option for more details.
-------------------------------------------------------------------------------


Lint summary
 Generated clocks without clock waveform                          0
 Generated clocks with incompatible options                       0
 Generated clocks with multi-master clock                         0
 Paths constrained with different clocks                          0
 Loop-breaking cells for combinational feedback                   0
 Nets with multiple drivers                                       0
 Timing exceptions with no effect                                 0
 Suspicious multi_cycle exceptions                                0
 Pins/ports with conflicting case constants                       0
 Inputs without clocked external delays                          33
 Outputs without clocked external delays                         32
 Inputs without external driver/transition                       33
 Outputs without external load                                   32
 Exceptions with invalid timing start-/endpoints                  0

                                                  Total:        130

@genus:root: 7> set top_design mixColumns_InvmixColumns
mixColumns_InvmixColumns
@genus:root: 8> source ../scripts/genus-mix.tcl
Sourcing '../scripts/genus-mix.tcl' (Mon Feb 24 21:04:23 PST 2025)...
#@ Begin verbose source ../scripts/genus-mix.tcl
@file(genus-mix.tcl) 2: set lib_dir /pkgs/synopsys/2020/32_28nm/SAED32_EDK
@file(genus-mix.tcl) 3: set top_design mixColumns_InvmixColumns
@file(genus-mix.tcl) 4: set rtl_list [list ../rtl/$top_design.sv ]
@file(genus-mix.tcl) 5: set slow_corner "ss0p95v125c"
@file(genus-mix.tcl) 6: set lib_types "stdcell_rvt"
@file(genus-mix.tcl) 7: set sub_lib_type "saed32rvt_"
@file(genus-mix.tcl) 10: set search_path "$lib_dir/lib/$lib_types/db_nldm ."
@file(genus-mix.tcl) 11: set link_library "${sub_lib_type}${slow_corner}.lib "
@file(genus-mix.tcl) 13: set_db init_lib_search_path $search_path
Warning : Cannot modify library search path after reading library(s). [TUI-83]
        : Cannot modify 'init_lib_search_path' attribute to '/pkgs/synopsys/2020/32_28nm/SAED32_EDK/lib/stdcell_rvt/db_nldm .'
  Setting attribute of root '/': 'init_lib_search_path' = /pkgs/synopsys/2020/32_28nm/SAED32_EDK/lib/stdcell_rvt/db_nldm .
@file(genus-mix.tcl) 15: set_db library $link_library
Freeing libraries in memory (saed32rvt_ss0p95v125c.lib )

Info    : Created nominal operating condition. [LBR-412]
        : Operating condition '_nominal_' was created for the PVT values (0.990000, 0.950000, 125.000000) in library 'saed32rvt_ss0p95v125c.lib'.
Warning : Library cell has no output pins defined. [LBR-9]
        : Library cell 'ANTENNA_RVT' must have an output pin.
Warning : Library cell has no output pins defined. [LBR-9]
        : Library cell 'ANTENNA_RVT' must have an output pin.
Warning : Library cell has no output pins defined. [LBR-9]
        : Library cell 'BUSKP_RVT' must have an output pin.
Warning : Library cell has no output pins defined. [LBR-9]
        : Library cell 'BUSKP_RVT' must have an output pin.
Warning : Library cell has no output pins defined. [LBR-9]
        : Library cell 'CLOAD1_RVT' must have an output pin.
Warning : Library cell has no output pins defined. [LBR-9]
        : Library cell 'CLOAD1_RVT' must have an output pin.
Warning : Library cell has no output pins defined. [LBR-9]
        : Library cell 'DCAP_RVT' must have an output pin.
Warning : Library cell has no output pins defined. [LBR-9]
        : Library cell 'DCAP_RVT' must have an output pin.
Warning : Library cell has no output pins defined. [LBR-9]
        : Library cell 'DHFILLH2_RVT' must have an output pin.
Warning : Library cell has no output pins defined. [LBR-9]
        : Library cell 'DHFILLH2_RVT' must have an output pin.
Warning : Library cell has no output pins defined. [LBR-9]
        : Library cell 'DHFILLHL2_RVT' must have an output pin.
Warning : Library cell has no output pins defined. [LBR-9]
        : Library cell 'DHFILLHL2_RVT' must have an output pin.
Warning : Library cell has no output pins defined. [LBR-9]
        : Library cell 'DHFILLHLHLS11_RVT' must have an output pin.
Warning : Library cell has no output pins defined. [LBR-9]
        : Library cell 'DHFILLHLHLS11_RVT' must have an output pin.
Warning : Malformed test_cell. [LBR-64]
        : Unusable test_cell in 'RSDFFNSRARX1_RVT'.  Ignoring the test_cell.
Warning : Malformed test_cell. [LBR-64]
        : Unusable test_cell in 'RSDFFNSRARX2_RVT'.  Ignoring the test_cell.
Warning : Malformed test_cell. [LBR-64]
        : Unusable test_cell in 'RSDFFNSRASX1_RVT'.  Ignoring the test_cell.
Warning : Malformed test_cell. [LBR-64]
        : Unusable test_cell in 'RSDFFNSRASX2_RVT'.  Ignoring the test_cell.
Warning : Malformed test_cell. [LBR-64]
        : Unusable test_cell in 'RSDFFNSRX1_RVT'.  Ignoring the test_cell.
Warning : Malformed test_cell. [LBR-64]
        : Unusable test_cell in 'RSDFFNSRX2_RVT'.  Ignoring the test_cell.
Warning : Malformed test_cell. [LBR-64]
        : Unusable test_cell in 'RSDFFSRARX1_RVT'.  Ignoring the test_cell.
Warning : Malformed test_cell. [LBR-64]
        : Unusable test_cell in 'RSDFFSRARX2_RVT'.  Ignoring the test_cell.
Warning : Malformed test_cell. [LBR-64]
        : Unusable test_cell in 'RSDFFSRASX1_RVT'.  Ignoring the test_cell.
Warning : Malformed test_cell. [LBR-64]
        : Unusable test_cell in 'RSDFFSRASX2_RVT'.  Ignoring the test_cell.
Warning : Malformed test_cell. [LBR-64]
        : Unusable test_cell in 'RSDFFSRSSRX1_RVT'.  Ignoring the test_cell.
Warning : Malformed test_cell. [LBR-64]
        : Unusable test_cell in 'RSDFFSRSSRX2_RVT'.  Ignoring the test_cell.
Warning : Malformed test_cell. [LBR-64]
        : Unusable test_cell in 'RSDFFSRX1_RVT'.  Ignoring the test_cell.
Warning : Malformed test_cell. [LBR-64]
        : Unusable test_cell in 'RSDFFSRX2_RVT'.  Ignoring the test_cell.
Warning : Malformed test_cell. [LBR-64]
        : Unusable test_cell in 'SDFFSSRX1_RVT'.  Ignoring the test_cell.
Warning : Malformed test_cell. [LBR-64]
        : Unusable test_cell in 'SDFFSSRX2_RVT'.  Ignoring the test_cell.
Warning : Library cell has no output pins defined. [LBR-9]
        : Library cell 'SHFILL128_RVT' must have an output pin.
Warning : Library cell has no output pins defined. [LBR-9]
        : Library cell 'SHFILL128_RVT' must have an output pin.
Warning : Library cell has no output pins defined. [LBR-9]
        : Library cell 'SHFILL1_RVT' must have an output pin.
Warning : Library cell has no output pins defined. [LBR-9]
        : Library cell 'SHFILL1_RVT' must have an output pin.
Warning : Library cell has no output pins defined. [LBR-9]
        : Library cell 'SHFILL2_RVT' must have an output pin.
Warning : Library cell has no output pins defined. [LBR-9]
        : Library cell 'SHFILL2_RVT' must have an output pin.
  Setting attribute of root '/': 'library' = saed32rvt_ss0p95v125c.lib 
@file(genus-mix.tcl) 18: read_hdl -language sv ../rtl/${top_design}.sv
@file(genus-mix.tcl) 21: elaborate $top_design
Warning : Missing an incoming setup timing arc for next_state library pin. [LBR-34]
        : Library pin 'RDFFNX1_RVT/D' has no incoming setup arc.
Warning : Missing an incoming setup timing arc for next_state library pin. [LBR-34]
        : Library pin 'RDFFNX2_RVT/D' has no incoming setup arc.
Warning : Missing an incoming setup timing arc for next_state library pin. [LBR-34]
        : Library pin 'RDFFX1_RVT/D' has no incoming setup arc.
Warning : Missing an incoming setup timing arc for next_state library pin. [LBR-34]
        : Library pin 'RDFFX2_RVT/D' has no incoming setup arc.
Warning : Missing an incoming setup timing arc for next_state library pin. [LBR-34]
        : Library pin 'RSDFFNSRX1_RVT/D' has no incoming setup arc.
Warning : Missing an incoming setup timing arc for next_state library pin. [LBR-34]
        : Library pin 'RSDFFNSRX1_RVT/SE' has no incoming setup arc.
Warning : Missing an incoming setup timing arc for next_state library pin. [LBR-34]
        : Library pin 'RSDFFNSRX1_RVT/SI' has no incoming setup arc.
Warning : Missing an incoming setup timing arc for next_state library pin. [LBR-34]
        : Library pin 'RSDFFNSRX2_RVT/D' has no incoming setup arc.
Warning : Missing an incoming setup timing arc for next_state library pin. [LBR-34]
        : Library pin 'RSDFFNSRX2_RVT/SE' has no incoming setup arc.
Warning : Missing an incoming setup timing arc for next_state library pin. [LBR-34]
        : Library pin 'RSDFFNSRX2_RVT/SI' has no incoming setup arc.
  Library has 130 usable logic and 108 usable sequential lib-cells.
Info    : Elaborating Design. [ELAB-1]
        : Elaborating top-level block 'mixColumns_InvmixColumns' from file '../rtl/mixColumns_InvmixColumns.sv'.
Info    : Done Elaborating Design. [ELAB-3]
        : Done elaborating 'mixColumns_InvmixColumns'.
Checking for analog nets...
Check completed for analog nets.
Checking for source RTL...
Check completed for source RTL.
Running Unified Mux Engine Tricks...
Completed Unified Mux Engine Tricks

Stage: post_elab
-------------------------------------------------------
| Trick             | Accepts | Rejects | Runtime (s) | 
-------------------------------------------------------
| ume_constant_bmux |       0 |       0 |        0.00 | 
| ume_merge         |       0 |       0 |        0.00 | 
| ume_ssm           |       0 |       0 |        0.00 | 
| ume_cse           |       1 |       0 |        0.00 | 
| ume_shrink        |       0 |       0 |        0.00 | 
| ume_sweep         |       0 |       0 |        0.00 | 
| ume_constant_bmux |       0 |       0 |        0.00 | 
| ume_merge         |       0 |       0 |        0.00 | 
| ume_ssm           |       0 |       0 |        0.00 | 
| ume_cse           |       0 |       0 |        0.00 | 
| ume_shrink        |       0 |       0 |        0.00 | 
| ume_sweep         |       0 |       0 |        0.00 | 
-------------------------------------------------------
Starting optimize datapath shifters [v1.0] (stage: post_elab, startdef: mixColumns_InvmixColumns_24, recur: true)
Completed optimize datapath shifters (accepts: 0, rejects: 0, runtime: 0.000s)
Starting clip mux common data inputs [v1.0] (stage: post_elab, startdef: mixColumns_InvmixColumns_24, recur: true)
Completed clip mux common data inputs (accepts: 0, rejects: 0, runtime: 0.000s)
Starting clip the non-user hierarchies [v2.0] (stage: post_elab, startdef: mixColumns_InvmixColumns_24, recur: true)
Completed clip the non-user hierarchies (accepts: 0, rejects: 0, runtime: 0.000s)
Starting basic netlist cleanup [v1.0] (stage: post_elab, startdef: mixColumns_InvmixColumns_24, recur: true)
Completed basic netlist cleanup (accepts: 0, rejects: 0, runtime: 0.000s)

Stage: post_elab
--------------------------------------------------------------------
| Transform                      | Accepts | Rejects | Runtime (s) | 
--------------------------------------------------------------------
| hlo_optimize_datapath_shifters |       0 |       0 |        0.00 | 
| hlo_clip_mux_input             |       0 |       0 |        0.00 | 
| hlo_clip                       |       0 |       0 |        0.00 | 
| hlo_cleanup                    |       0 |       0 |        0.00 | 
--------------------------------------------------------------------
      flow.cputime  flow.realtime  timing.setup.tns  timing.setup.wns  snapshot
UM:*                                                                   elaborate
@file(genus-mix.tcl) 24: update_names -map { {"." "_" }} -inst -force
Error   : Failed to change names. [CHNM-112] [update_names]
        : Multiple designs are available in the root.
        : Provide a unique design/instance to change name.
@file(genus-mix.tcl) 25: update_names -map {{"[" "_"} {"]" "_"}} -inst -force
Error   : Failed to change names. [CHNM-112] [update_names]
        : Multiple designs are available in the root.
@file(genus-mix.tcl) 26: update_names -map {{"[" "_"} {"]" "_"}} -port_bus
Error   : Failed to change names. [CHNM-112] [update_names]
        : Multiple designs are available in the root.
@file(genus-mix.tcl) 27: update_names -map {{"[" "_"} {"]" "_"}} -hport_bus
Error   : Failed to change names. [CHNM-112] [update_names]
        : Multiple designs are available in the root.
@file(genus-mix.tcl) 28: update_names -inst -hnet -restricted {[} -convert_string "_"
Warning : Option 'convert_string' is obsolete. [CHNM-107] [update_names]
        : Option 'convert_string' has been replaced by 'replace_str'.
Error   : Failed to change names. [CHNM-112] [update_names]
        : Multiple designs are available in the root.
@file(genus-mix.tcl) 29: update_names -inst -hnet -restricted {]} -convert_string "_"
Warning : Option 'convert_string' is obsolete. [CHNM-107] [update_names]
        : Option 'convert_string' has been replaced by 'replace_str'.
Error   : Failed to change names. [CHNM-112] [update_names]
        : Multiple designs are available in the root.
@file(genus-mix.tcl) 32: source -echo -verbose ../../constraints/mix.sdc
Sourcing '../../constraints/mix.sdc' (Mon Feb 24 21:04:24 PST 2025)...
#@ Begin verbose source ../../constraints/mix.sdc
@file(mix.sdc) 11: set_max_delay 0.25 -from [all_inputs] -to [all_outputs]
set_max_delay 0.25 -from [all_inputs] -to [all_outputs]
Error   : Multiple designs are available. Specify the design you want to use. [TUI-17] [all_inputs]
        : There is no unique design here.
        : Specify a design by using the cd command to change to that design's directory or specify the design as an argument for the command.
#@ End verbose source ../../constraints/mix.sdc
#@ End verbose source ../scripts/genus-mix.tcl
Failed on find_unique_design
@genus:root: 9> exit

Lic Summary:
[21:07:59.266665] Cdslmd servers: gashapon
[21:07:59.266682] Feature usage summary:
[21:07:59.266682] Genus_Synthesis

Normal exit.