============================================================
  Generated by:           Genus(TM) Synthesis Solution 23.10-p004_1
  Generated on:           Feb 24 2025  09:41:48 pm
  Module:                 mixColumns_InvmixColumns
  Technology library:     saed32rvt_ss0p95v125c 1.0000000
  Operating conditions:   _nominal_ (balanced_tree)
  Wireload mode:          enclosed
  Area mode:              timing library
============================================================

Timing
-------
  Cost    Critical         Violating 
 Group   Path Slack  TNS     Paths   
-------------------------------------
default    No paths   0.0            
INPUTS          0.1   0.0          0 
OUTPUTS    No paths   0.0            
-------------------------------------
Total                 0.0          0 

Instance Count
--------------
Leaf Instance Count             457 
Physical Instance count           0 
Sequential Instance Count         0 
Combinational Instance Count    457 
Hierarchical Instance Count       0 

Area
----
Cell Area                          1426.256
Physical Cell Area                 0.000
Total Cell Area (Cell+Physical)    1426.256
Net Area                           0.000
Total Area (Cell+Physical+Net)     1426.256

Max Fanout                         47 (n_461)
Min Fanout                         1 (n_1)
Average Fanout                     2.8
Terms to net ratio                 3.6510
Terms to instance ratio            3.9147
Runtime                            58.254008 seconds
Elapsed Runtime                    445 seconds
Genus peak memory usage            1867.61 
Innovus peak memory usage          no_value 
Hostname                           auto.ece.pdx.edu
